{"/workspaces/garka/backend/app.js": {"path":"/workspaces/garka/backend/app.js","statementMap":{"0":{"start":{"line":12,"column":12},"end":{"line":12,"column":21}},"1":{"start":{"line":15,"column":0},"end":{"line":15,"column":18}},"2":{"start":{"line":16,"column":0},"end":{"line":21,"column":4}},"3":{"start":{"line":24,"column":16},"end":{"line":28,"column":2}},"4":{"start":{"line":29,"column":0},"end":{"line":29,"column":25}},"5":{"start":{"line":32,"column":0},"end":{"line":32,"column":41}},"6":{"start":{"line":33,"column":0},"end":{"line":33,"column":63}},"7":{"start":{"line":36,"column":0},"end":{"line":36,"column":25}},"8":{"start":{"line":39,"column":0},"end":{"line":39,"column":23}},"9":{"start":{"line":42,"column":0},"end":{"line":42,"column":25}},"10":{"start":{"line":45,"column":0},"end":{"line":45,"column":47}},"11":{"start":{"line":49,"column":0},"end":{"line":49,"column":27}},"12":{"start":{"line":52,"column":0},"end":{"line":57,"column":3}},"13":{"start":{"line":53,"column":2},"end":{"line":56,"column":5}},"14":{"start":{"line":60,"column":0},"end":{"line":60,"column":25}}},"fnMap":{"0":{"name":"(anonymous_0)","decl":{"start":{"line":52,"column":8},"end":{"line":52,"column":9}},"loc":{"start":{"line":52,"column":22},"end":{"line":57,"column":1}},"line":52}},"branchMap":{"0":{"loc":{"start":{"line":17,"column":9},"end":{"line":19,"column":29}},"type":"cond-expr","locations":[{"start":{"line":18,"column":4},"end":{"line":18,"column":30}},{"start":{"line":19,"column":4},"end":{"line":19,"column":29}}],"line":17}},"s":{"0":8,"1":8,"2":8,"3":8,"4":8,"5":8,"6":8,"7":8,"8":8,"9":8,"10":8,"11":8,"12":8,"13":0,"14":8},"f":{"0":0},"b":{"0":[0,8]},"_coverageSchema":"1a1c01bbd47fc00a2c39e90264f33305004495a9","hash":"2d7cf854a5c669eaa58d3cc0b7536266f9a01e1f"}
,"/workspaces/garka/backend/config/env.js": {"path":"/workspaces/garka/backend/config/env.js","statementMap":{"0":{"start":{"line":4,"column":0},"end":{"line":4,"column":16}},"1":{"start":{"line":55,"column":19},"end":{"line":55,"column":66}},"2":{"start":{"line":56,"column":18},"end":{"line":56,"column":59}},"3":{"start":{"line":56,"column":41},"end":{"line":56,"column":58}},"4":{"start":{"line":58,"column":2},"end":{"line":60,"column":3}},"5":{"start":{"line":59,"column":3},"end":{"line":59,"column":75}}},"fnMap":{"0":{"name":"(anonymous_0)","decl":{"start":{"line":54,"column":1},"end":{"line":54,"column":2}},"loc":{"start":{"line":54,"column":12},"end":{"line":61,"column":2}},"line":54},"1":{"name":"(anonymous_1)","decl":{"start":{"line":56,"column":34},"end":{"line":56,"column":35}},"loc":{"start":{"line":56,"column":41},"end":{"line":56,"column":58}},"line":56}},"branchMap":{"0":{"loc":{"start":{"line":8,"column":7},"end":{"line":8,"column":31}},"type":"binary-expr","locations":[{"start":{"line":8,"column":7},"end":{"line":8,"column":23}},{"start":{"line":8,"column":27},"end":{"line":8,"column":31}}],"line":8},"1":{"loc":{"start":{"line":9,"column":11},"end":{"line":9,"column":48}},"type":"binary-expr","locations":[{"start":{"line":9,"column":11},"end":{"line":9,"column":31}},{"start":{"line":9,"column":35},"end":{"line":9,"column":48}}],"line":9},"2":{"loc":{"start":{"line":12,"column":14},"end":{"line":12,"column":62}},"type":"binary-expr","locations":[{"start":{"line":12,"column":14},"end":{"line":12,"column":37}},{"start":{"line":12,"column":41},"end":{"line":12,"column":62}}],"line":12},"3":{"loc":{"start":{"line":16,"column":13},"end":{"line":16,"column":43}},"type":"binary-expr","locations":[{"start":{"line":16,"column":13},"end":{"line":16,"column":35}},{"start":{"line":16,"column":39},"end":{"line":16,"column":43}}],"line":16},"4":{"loc":{"start":{"line":29,"column":26},"end":{"line":29,"column":73}},"type":"binary-expr","locations":[{"start":{"line":29,"column":26},"end":{"line":29,"column":61}},{"start":{"line":29,"column":65},"end":{"line":29,"column":73}}],"line":29},"5":{"loc":{"start":{"line":32,"column":23},"end":{"line":32,"column":98}},"type":"binary-expr","locations":[{"start":{"line":32,"column":23},"end":{"line":32,"column":69}},{"start":{"line":32,"column":74},"end":{"line":32,"column":97}}],"line":32},"6":{"loc":{"start":{"line":35,"column":34},"end":{"line":35,"column":100}},"type":"binary-expr","locations":[{"start":{"line":35,"column":34},"end":{"line":35,"column":91}},{"start":{"line":35,"column":95},"end":{"line":35,"column":100}}],"line":35},"7":{"loc":{"start":{"line":50,"column":22},"end":{"line":50,"column":72}},"type":"binary-expr","locations":[{"start":{"line":50,"column":22},"end":{"line":50,"column":65}},{"start":{"line":50,"column":69},"end":{"line":50,"column":72}}],"line":50},"8":{"loc":{"start":{"line":51,"column":19},"end":{"line":51,"column":67}},"type":"binary-expr","locations":[{"start":{"line":51,"column":19},"end":{"line":51,"column":59}},{"start":{"line":51,"column":63},"end":{"line":51,"column":67}}],"line":51},"9":{"loc":{"start":{"line":58,"column":2},"end":{"line":60,"column":3}},"type":"if","locations":[{"start":{"line":58,"column":2},"end":{"line":60,"column":3}},{"start":{},"end":{}}],"line":58}},"s":{"0":8,"1":0,"2":0,"3":0,"4":0,"5":0},"f":{"0":0,"1":0},"b":{"0":[8,0],"1":[8,0],"2":[8,0],"3":[8,0],"4":[8,8],"5":[8,8],"6":[8,8],"7":[8,0],"8":[8,0],"9":[0,0]},"_coverageSchema":"1a1c01bbd47fc00a2c39e90264f33305004495a9","hash":"82ec530fddedb32ca2eb7b2292b698fa2f2d514c"}
,"/workspaces/garka/backend/controllers/adminController.js": {"path":"/workspaces/garka/backend/controllers/adminController.js","statementMap":{"0":{"start":{"line":9,"column":36},"end":{"line":40,"column":1}},"1":{"start":{"line":10,"column":2},"end":{"line":39,"column":3}},"2":{"start":{"line":11,"column":35},"end":{"line":11,"column":43}},"3":{"start":{"line":13,"column":18},"end":{"line":13,"column":75}},"4":{"start":{"line":14,"column":4},"end":{"line":14,"column":60}},"5":{"start":{"line":14,"column":16},"end":{"line":14,"column":60}},"6":{"start":{"line":16,"column":4},"end":{"line":16,"column":26}},"7":{"start":{"line":17,"column":4},"end":{"line":17,"column":34}},"8":{"start":{"line":18,"column":4},"end":{"line":18,"column":35}},"9":{"start":{"line":19,"column":4},"end":{"line":19,"column":34}},"10":{"start":{"line":20,"column":4},"end":{"line":20,"column":23}},"11":{"start":{"line":22,"column":4},"end":{"line":31,"column":5}},"12":{"start":{"line":23,"column":6},"end":{"line":23,"column":86}},"13":{"start":{"line":25,"column":6},"end":{"line":30,"column":9}},"14":{"start":{"line":33,"column":4},"end":{"line":33,"column":84}},"15":{"start":{"line":35,"column":4},"end":{"line":35,"column":81}},"16":{"start":{"line":37,"column":4},"end":{"line":37,"column":57}},"17":{"start":{"line":38,"column":4},"end":{"line":38,"column":55}},"18":{"start":{"line":42,"column":29},"end":{"line":63,"column":1}},"19":{"start":{"line":43,"column":2},"end":{"line":62,"column":3}},"20":{"start":{"line":44,"column":30},"end":{"line":44,"column":40}},"21":{"start":{"line":46,"column":15},"end":{"line":46,"column":56}},"22":{"start":{"line":47,"column":4},"end":{"line":47,"column":63}},"23":{"start":{"line":47,"column":13},"end":{"line":47,"column":63}},"24":{"start":{"line":49,"column":4},"end":{"line":51,"column":5}},"25":{"start":{"line":50,"column":6},"end":{"line":50,"column":62}},"26":{"start":{"line":53,"column":16},"end":{"line":53,"column":58}},"27":{"start":{"line":54,"column":21},"end":{"line":54,"column":60}},"28":{"start":{"line":56,"column":19},"end":{"line":56,"column":81}},"29":{"start":{"line":58,"column":4},"end":{"line":58,"column":69}},"30":{"start":{"line":60,"column":4},"end":{"line":60,"column":59}},"31":{"start":{"line":61,"column":4},"end":{"line":61,"column":57}},"32":{"start":{"line":66,"column":28},"end":{"line":82,"column":1}},"33":{"start":{"line":67,"column":2},"end":{"line":81,"column":3}},"34":{"start":{"line":68,"column":29},"end":{"line":68,"column":79}},"35":{"start":{"line":69,"column":30},"end":{"line":69,"column":88}},"36":{"start":{"line":71,"column":18},"end":{"line":71,"column":53}},"37":{"start":{"line":72,"column":19},"end":{"line":72,"column":61}},"38":{"start":{"line":74,"column":25},"end":{"line":74,"column":129}},"39":{"start":{"line":75,"column":35},"end":{"line":75,"column":124}},"40":{"start":{"line":77,"column":4},"end":{"line":77,"column":92}},"41":{"start":{"line":79,"column":4},"end":{"line":79,"column":59}},"42":{"start":{"line":80,"column":4},"end":{"line":80,"column":57}}},"fnMap":{"0":{"name":"(anonymous_0)","decl":{"start":{"line":9,"column":36},"end":{"line":9,"column":37}},"loc":{"start":{"line":9,"column":56},"end":{"line":40,"column":1}},"line":9},"1":{"name":"(anonymous_1)","decl":{"start":{"line":42,"column":29},"end":{"line":42,"column":30}},"loc":{"start":{"line":42,"column":49},"end":{"line":63,"column":1}},"line":42},"2":{"name":"(anonymous_2)","decl":{"start":{"line":66,"column":28},"end":{"line":66,"column":29}},"loc":{"start":{"line":66,"column":48},"end":{"line":82,"column":1}},"line":66}},"branchMap":{"0":{"loc":{"start":{"line":14,"column":4},"end":{"line":14,"column":60}},"type":"if","locations":[{"start":{"line":14,"column":4},"end":{"line":14,"column":60}},{"start":{},"end":{}}],"line":14},"1":{"loc":{"start":{"line":22,"column":4},"end":{"line":31,"column":5}},"type":"if","locations":[{"start":{"line":22,"column":4},"end":{"line":31,"column":5}},{"start":{},"end":{}}],"line":22},"2":{"loc":{"start":{"line":47,"column":4},"end":{"line":47,"column":63}},"type":"if","locations":[{"start":{"line":47,"column":4},"end":{"line":47,"column":63}},{"start":{},"end":{}}],"line":47},"3":{"loc":{"start":{"line":49,"column":4},"end":{"line":51,"column":5}},"type":"if","locations":[{"start":{"line":49,"column":4},"end":{"line":51,"column":5}},{"start":{},"end":{}}],"line":49},"4":{"loc":{"start":{"line":49,"column":8},"end":{"line":49,"column":49}},"type":"binary-expr","locations":[{"start":{"line":49,"column":8},"end":{"line":49,"column":16}},{"start":{"line":49,"column":20},"end":{"line":49,"column":49}}],"line":49},"5":{"loc":{"start":{"line":54,"column":21},"end":{"line":54,"column":60}},"type":"binary-expr","locations":[{"start":{"line":54,"column":21},"end":{"line":54,"column":48}},{"start":{"line":54,"column":52},"end":{"line":54,"column":60}}],"line":54},"6":{"loc":{"start":{"line":71,"column":18},"end":{"line":71,"column":53}},"type":"binary-expr","locations":[{"start":{"line":71,"column":18},"end":{"line":71,"column":47}},{"start":{"line":71,"column":51},"end":{"line":71,"column":53}}],"line":71}},"s":{"0":8,"1":0,"2":0,"3":0,"4":0,"5":0,"6":0,"7":0,"8":0,"9":0,"10":0,"11":0,"12":0,"13":0,"14":0,"15":0,"16":0,"17":0,"18":8,"19":0,"20":0,"21":0,"22":0,"23":0,"24":0,"25":0,"26":0,"27":0,"28":0,"29":0,"30":0,"31":0,"32":8,"33":0,"34":0,"35":0,"36":0,"37":0,"38":0,"39":0,"40":0,"41":0,"42":0},"f":{"0":0,"1":0,"2":0},"b":{"0":[0,0],"1":[0,0],"2":[0,0],"3":[0,0],"4":[0,0],"5":[0,0],"6":[0,0]},"_coverageSchema":"1a1c01bbd47fc00a2c39e90264f33305004495a9","hash":"acedacf83bee5aa3e488df1192ba68ca6b7cc943"}
,"/workspaces/garka/backend/controllers/agentController.js": {"path":"/workspaces/garka/backend/controllers/agentController.js","statementMap":{"0":{"start":{"line":5,"column":35},"end":{"line":26,"column":1}},"1":{"start":{"line":6,"column":2},"end":{"line":25,"column":3}},"2":{"start":{"line":7,"column":4},"end":{"line":7,"column":92}},"3":{"start":{"line":7,"column":46},"end":{"line":7,"column":92}},"4":{"start":{"line":9,"column":18},"end":{"line":9,"column":60}},"5":{"start":{"line":10,"column":4},"end":{"line":10,"column":68}},"6":{"start":{"line":10,"column":16},"end":{"line":10,"column":68}},"7":{"start":{"line":12,"column":27},"end":{"line":16,"column":6}},"8":{"start":{"line":13,"column":28},"end":{"line":13,"column":86}},"9":{"start":{"line":14,"column":6},"end":{"line":14,"column":44}},"10":{"start":{"line":15,"column":6},"end":{"line":15,"column":27}},"11":{"start":{"line":18,"column":4},"end":{"line":18,"column":70}},"12":{"start":{"line":19,"column":4},"end":{"line":19,"column":42}},"13":{"start":{"line":20,"column":4},"end":{"line":20,"column":23}},"14":{"start":{"line":22,"column":4},"end":{"line":22,"column":90}},"15":{"start":{"line":24,"column":4},"end":{"line":24,"column":59}}},"fnMap":{"0":{"name":"(anonymous_0)","decl":{"start":{"line":5,"column":35},"end":{"line":5,"column":36}},"loc":{"start":{"line":5,"column":55},"end":{"line":26,"column":1}},"line":5},"1":{"name":"(anonymous_1)","decl":{"start":{"line":12,"column":41},"end":{"line":12,"column":42}},"loc":{"start":{"line":12,"column":51},"end":{"line":16,"column":5}},"line":12}},"branchMap":{"0":{"loc":{"start":{"line":7,"column":4},"end":{"line":7,"column":92}},"type":"if","locations":[{"start":{"line":7,"column":4},"end":{"line":7,"column":92}},{"start":{},"end":{}}],"line":7},"1":{"loc":{"start":{"line":7,"column":8},"end":{"line":7,"column":44}},"type":"binary-expr","locations":[{"start":{"line":7,"column":8},"end":{"line":7,"column":18}},{"start":{"line":7,"column":22},"end":{"line":7,"column":44}}],"line":7},"2":{"loc":{"start":{"line":10,"column":4},"end":{"line":10,"column":68}},"type":"if","locations":[{"start":{"line":10,"column":4},"end":{"line":10,"column":68}},{"start":{},"end":{}}],"line":10},"3":{"loc":{"start":{"line":18,"column":27},"end":{"line":18,"column":48}},"type":"binary-expr","locations":[{"start":{"line":18,"column":27},"end":{"line":18,"column":42}},{"start":{"line":18,"column":46},"end":{"line":18,"column":48}}],"line":18}},"s":{"0":8,"1":0,"2":0,"3":0,"4":0,"5":0,"6":0,"7":0,"8":0,"9":0,"10":0,"11":0,"12":0,"13":0,"14":0,"15":0},"f":{"0":0,"1":0},"b":{"0":[0,0],"1":[0,0],"2":[0,0],"3":[0,0]},"_coverageSchema":"1a1c01bbd47fc00a2c39e90264f33305004495a9","hash":"3580b0a3cc5b1b62b8786f01f6f1acd44da5d271"}
,"/workspaces/garka/backend/controllers/authController.js": {"path":"/workspaces/garka/backend/controllers/authController.js","statementMap":{"0":{"start":{"line":13,"column":28},"end":{"line":69,"column":1}},"1":{"start":{"line":14,"column":2},"end":{"line":68,"column":3}},"2":{"start":{"line":15,"column":55},"end":{"line":15,"column":63}},"3":{"start":{"line":18,"column":4},"end":{"line":20,"column":5}},"4":{"start":{"line":19,"column":6},"end":{"line":19,"column":89}},"5":{"start":{"line":23,"column":21},"end":{"line":23,"column":27}},"6":{"start":{"line":26,"column":25},"end":{"line":28,"column":6}},"7":{"start":{"line":30,"column":4},"end":{"line":32,"column":5}},"8":{"start":{"line":31,"column":6},"end":{"line":31,"column":79}},"9":{"start":{"line":35,"column":17},"end":{"line":35,"column":41}},"10":{"start":{"line":36,"column":27},"end":{"line":36,"column":60}},"11":{"start":{"line":39,"column":17},"end":{"line":45,"column":6}},"12":{"start":{"line":48,"column":18},"end":{"line":52,"column":5}},"13":{"start":{"line":55,"column":25},"end":{"line":55,"column":40}},"14":{"start":{"line":56,"column":4},"end":{"line":56,"column":33}},"15":{"start":{"line":58,"column":4},"end":{"line":58,"column":64}},"16":{"start":{"line":60,"column":4},"end":{"line":63,"column":34}},"17":{"start":{"line":66,"column":4},"end":{"line":66,"column":57}},"18":{"start":{"line":67,"column":4},"end":{"line":67,"column":52}},"19":{"start":{"line":72,"column":25},"end":{"line":126,"column":1}},"20":{"start":{"line":73,"column":2},"end":{"line":125,"column":3}},"21":{"start":{"line":74,"column":32},"end":{"line":74,"column":40}},"22":{"start":{"line":77,"column":17},"end":{"line":77,"column":66}},"23":{"start":{"line":79,"column":4},"end":{"line":81,"column":5}},"24":{"start":{"line":80,"column":6},"end":{"line":80,"column":54}},"25":{"start":{"line":84,"column":4},"end":{"line":86,"column":5}},"26":{"start":{"line":85,"column":6},"end":{"line":85,"column":80}},"27":{"start":{"line":89,"column":4},"end":{"line":91,"column":5}},"28":{"start":{"line":90,"column":6},"end":{"line":90,"column":90}},"29":{"start":{"line":94,"column":28},"end":{"line":94,"column":73}},"30":{"start":{"line":96,"column":4},"end":{"line":98,"column":5}},"31":{"start":{"line":97,"column":6},"end":{"line":97,"column":54}},"32":{"start":{"line":101,"column":18},"end":{"line":105,"column":5}},"33":{"start":{"line":108,"column":25},"end":{"line":108,"column":40}},"34":{"start":{"line":109,"column":4},"end":{"line":109,"column":33}},"35":{"start":{"line":112,"column":4},"end":{"line":112,"column":32}},"36":{"start":{"line":113,"column":4},"end":{"line":113,"column":22}},"37":{"start":{"line":115,"column":4},"end":{"line":115,"column":59}},"38":{"start":{"line":117,"column":4},"end":{"line":120,"column":27}},"39":{"start":{"line":123,"column":4},"end":{"line":123,"column":50}},"40":{"start":{"line":124,"column":4},"end":{"line":124,"column":45}},"41":{"start":{"line":129,"column":26},"end":{"line":151,"column":1}},"42":{"start":{"line":130,"column":2},"end":{"line":150,"column":3}},"43":{"start":{"line":131,"column":17},"end":{"line":139,"column":8}},"44":{"start":{"line":141,"column":4},"end":{"line":143,"column":5}},"45":{"start":{"line":142,"column":6},"end":{"line":142,"column":49}},"46":{"start":{"line":145,"column":4},"end":{"line":145,"column":55}},"47":{"start":{"line":148,"column":4},"end":{"line":148,"column":56}},"48":{"start":{"line":149,"column":4},"end":{"line":149,"column":54}},"49":{"start":{"line":154,"column":29},"end":{"line":174,"column":1}},"50":{"start":{"line":155,"column":2},"end":{"line":173,"column":3}},"51":{"start":{"line":156,"column":32},"end":{"line":156,"column":40}},"52":{"start":{"line":157,"column":20},"end":{"line":157,"column":22}},"53":{"start":{"line":159,"column":4},"end":{"line":159,"column":46}},"54":{"start":{"line":159,"column":18},"end":{"line":159,"column":46}},"55":{"start":{"line":160,"column":4},"end":{"line":160,"column":37}},"56":{"start":{"line":160,"column":15},"end":{"line":160,"column":37}},"57":{"start":{"line":162,"column":17},"end":{"line":166,"column":25}},"58":{"start":{"line":168,"column":4},"end":{"line":168,"column":66}},"59":{"start":{"line":171,"column":4},"end":{"line":171,"column":59}},"60":{"start":{"line":172,"column":4},"end":{"line":172,"column":57}},"61":{"start":{"line":177,"column":30},"end":{"line":207,"column":1}},"62":{"start":{"line":178,"column":2},"end":{"line":206,"column":3}},"63":{"start":{"line":179,"column":45},"end":{"line":179,"column":53}},"64":{"start":{"line":182,"column":17},"end":{"line":182,"column":69}},"65":{"start":{"line":185,"column":20},"end":{"line":185,"column":72}},"66":{"start":{"line":187,"column":4},"end":{"line":189,"column":5}},"67":{"start":{"line":188,"column":6},"end":{"line":188,"column":64}},"68":{"start":{"line":192,"column":17},"end":{"line":192,"column":41}},"69":{"start":{"line":193,"column":27},"end":{"line":193,"column":63}},"70":{"start":{"line":196,"column":4},"end":{"line":196,"column":35}},"71":{"start":{"line":197,"column":4},"end":{"line":197,"column":22}},"72":{"start":{"line":199,"column":4},"end":{"line":199,"column":60}},"73":{"start":{"line":201,"column":4},"end":{"line":201,"column":63}},"74":{"start":{"line":204,"column":4},"end":{"line":204,"column":60}},"75":{"start":{"line":205,"column":4},"end":{"line":205,"column":58}},"76":{"start":{"line":210,"column":29},"end":{"line":256,"column":1}},"77":{"start":{"line":211,"column":2},"end":{"line":255,"column":3}},"78":{"start":{"line":212,"column":46},"end":{"line":212,"column":54}},"79":{"start":{"line":214,"column":4},"end":{"line":216,"column":5}},"80":{"start":{"line":215,"column":6},"end":{"line":215,"column":70}},"81":{"start":{"line":218,"column":4},"end":{"line":220,"column":5}},"82":{"start":{"line":219,"column":6},"end":{"line":219,"column":58}},"83":{"start":{"line":223,"column":21},"end":{"line":223,"column":65}},"84":{"start":{"line":224,"column":4},"end":{"line":226,"column":5}},"85":{"start":{"line":225,"column":6},"end":{"line":225,"column":70}},"86":{"start":{"line":228,"column":28},"end":{"line":228,"column":66}},"87":{"start":{"line":229,"column":30},"end":{"line":229,"column":68}},"88":{"start":{"line":231,"column":24},"end":{"line":241,"column":6}},"89":{"start":{"line":244,"column":4},"end":{"line":248,"column":7}},"90":{"start":{"line":251,"column":4},"end":{"line":251,"column":67}},"91":{"start":{"line":253,"column":4},"end":{"line":253,"column":59}},"92":{"start":{"line":254,"column":4},"end":{"line":254,"column":57}},"93":{"start":{"line":259,"column":30},"end":{"line":309,"column":1}},"94":{"start":{"line":260,"column":2},"end":{"line":308,"column":3}},"95":{"start":{"line":261,"column":49},"end":{"line":261,"column":57}},"96":{"start":{"line":263,"column":4},"end":{"line":265,"column":5}},"97":{"start":{"line":264,"column":6},"end":{"line":264,"column":66}},"98":{"start":{"line":267,"column":17},"end":{"line":267,"column":103}},"99":{"start":{"line":268,"column":4},"end":{"line":270,"column":5}},"100":{"start":{"line":269,"column":6},"end":{"line":269,"column":70}},"101":{"start":{"line":273,"column":17},"end":{"line":273,"column":41}},"102":{"start":{"line":274,"column":27},"end":{"line":274,"column":60}},"103":{"start":{"line":276,"column":4},"end":{"line":276,"column":35}},"104":{"start":{"line":277,"column":4},"end":{"line":277,"column":43}},"105":{"start":{"line":277,"column":18},"end":{"line":277,"column":43}},"106":{"start":{"line":278,"column":4},"end":{"line":278,"column":34}},"107":{"start":{"line":278,"column":15},"end":{"line":278,"column":34}},"108":{"start":{"line":279,"column":4},"end":{"line":279,"column":28}},"109":{"start":{"line":280,"column":4},"end":{"line":280,"column":37}},"110":{"start":{"line":281,"column":4},"end":{"line":281,"column":39}},"111":{"start":{"line":283,"column":4},"end":{"line":283,"column":22}},"112":{"start":{"line":286,"column":4},"end":{"line":288,"column":5}},"113":{"start":{"line":287,"column":6},"end":{"line":287,"column":77}},"114":{"start":{"line":290,"column":4},"end":{"line":292,"column":5}},"115":{"start":{"line":291,"column":6},"end":{"line":291,"column":85}},"116":{"start":{"line":295,"column":21},"end":{"line":299,"column":5}},"117":{"start":{"line":301,"column":25},"end":{"line":301,"column":40}},"118":{"start":{"line":302,"column":4},"end":{"line":302,"column":33}},"119":{"start":{"line":304,"column":4},"end":{"line":304,"column":99}},"120":{"start":{"line":306,"column":4},"end":{"line":306,"column":60}},"121":{"start":{"line":307,"column":4},"end":{"line":307,"column":50}},"122":{"start":{"line":312,"column":22},"end":{"line":330,"column":1}},"123":{"start":{"line":313,"column":2},"end":{"line":329,"column":3}},"124":{"start":{"line":314,"column":18},"end":{"line":314,"column":86}},"125":{"start":{"line":315,"column":4},"end":{"line":315,"column":62}},"126":{"start":{"line":315,"column":16},"end":{"line":315,"column":62}},"127":{"start":{"line":317,"column":22},"end":{"line":317,"column":50}},"128":{"start":{"line":318,"column":20},"end":{"line":318,"column":70}},"129":{"start":{"line":319,"column":16},"end":{"line":319,"column":100}},"130":{"start":{"line":321,"column":25},"end":{"line":321,"column":76}},"131":{"start":{"line":323,"column":4},"end":{"line":323,"column":57}},"132":{"start":{"line":325,"column":4},"end":{"line":325,"column":57}},"133":{"start":{"line":327,"column":4},"end":{"line":327,"column":51}},"134":{"start":{"line":328,"column":4},"end":{"line":328,"column":46}}},"fnMap":{"0":{"name":"(anonymous_0)","decl":{"start":{"line":13,"column":28},"end":{"line":13,"column":29}},"loc":{"start":{"line":13,"column":48},"end":{"line":69,"column":1}},"line":13},"1":{"name":"(anonymous_1)","decl":{"start":{"line":72,"column":25},"end":{"line":72,"column":26}},"loc":{"start":{"line":72,"column":45},"end":{"line":126,"column":1}},"line":72},"2":{"name":"(anonymous_2)","decl":{"start":{"line":129,"column":26},"end":{"line":129,"column":27}},"loc":{"start":{"line":129,"column":46},"end":{"line":151,"column":1}},"line":129},"3":{"name":"(anonymous_3)","decl":{"start":{"line":154,"column":29},"end":{"line":154,"column":30}},"loc":{"start":{"line":154,"column":49},"end":{"line":174,"column":1}},"line":154},"4":{"name":"(anonymous_4)","decl":{"start":{"line":177,"column":30},"end":{"line":177,"column":31}},"loc":{"start":{"line":177,"column":50},"end":{"line":207,"column":1}},"line":177},"5":{"name":"(anonymous_5)","decl":{"start":{"line":210,"column":29},"end":{"line":210,"column":30}},"loc":{"start":{"line":210,"column":49},"end":{"line":256,"column":1}},"line":210},"6":{"name":"(anonymous_6)","decl":{"start":{"line":259,"column":30},"end":{"line":259,"column":31}},"loc":{"start":{"line":259,"column":50},"end":{"line":309,"column":1}},"line":259},"7":{"name":"(anonymous_7)","decl":{"start":{"line":312,"column":22},"end":{"line":312,"column":23}},"loc":{"start":{"line":312,"column":42},"end":{"line":330,"column":1}},"line":312}},"branchMap":{"0":{"loc":{"start":{"line":18,"column":4},"end":{"line":20,"column":5}},"type":"if","locations":[{"start":{"line":18,"column":4},"end":{"line":20,"column":5}},{"start":{},"end":{}}],"line":18},"1":{"loc":{"start":{"line":18,"column":8},"end":{"line":18,"column":63}},"type":"binary-expr","locations":[{"start":{"line":18,"column":8},"end":{"line":18,"column":12}},{"start":{"line":18,"column":17},"end":{"line":18,"column":33}},{"start":{"line":18,"column":37},"end":{"line":18,"column":62}}],"line":18},"2":{"loc":{"start":{"line":30,"column":4},"end":{"line":32,"column":5}},"type":"if","locations":[{"start":{"line":30,"column":4},"end":{"line":32,"column":5}},{"start":{},"end":{}}],"line":30},"3":{"loc":{"start":{"line":79,"column":4},"end":{"line":81,"column":5}},"type":"if","locations":[{"start":{"line":79,"column":4},"end":{"line":81,"column":5}},{"start":{},"end":{}}],"line":79},"4":{"loc":{"start":{"line":84,"column":4},"end":{"line":86,"column":5}},"type":"if","locations":[{"start":{"line":84,"column":4},"end":{"line":86,"column":5}},{"start":{},"end":{}}],"line":84},"5":{"loc":{"start":{"line":89,"column":4},"end":{"line":91,"column":5}},"type":"if","locations":[{"start":{"line":89,"column":4},"end":{"line":91,"column":5}},{"start":{},"end":{}}],"line":89},"6":{"loc":{"start":{"line":89,"column":8},"end":{"line":89,"column":105}},"type":"binary-expr","locations":[{"start":{"line":89,"column":9},"end":{"line":89,"column":30}},{"start":{"line":89,"column":34},"end":{"line":89,"column":64}},{"start":{"line":89,"column":70},"end":{"line":89,"column":83}},{"start":{"line":89,"column":87},"end":{"line":89,"column":104}}],"line":89},"7":{"loc":{"start":{"line":96,"column":4},"end":{"line":98,"column":5}},"type":"if","locations":[{"start":{"line":96,"column":4},"end":{"line":98,"column":5}},{"start":{},"end":{}}],"line":96},"8":{"loc":{"start":{"line":141,"column":4},"end":{"line":143,"column":5}},"type":"if","locations":[{"start":{"line":141,"column":4},"end":{"line":143,"column":5}},{"start":{},"end":{}}],"line":141},"9":{"loc":{"start":{"line":159,"column":4},"end":{"line":159,"column":46}},"type":"if","locations":[{"start":{"line":159,"column":4},"end":{"line":159,"column":46}},{"start":{},"end":{}}],"line":159},"10":{"loc":{"start":{"line":160,"column":4},"end":{"line":160,"column":37}},"type":"if","locations":[{"start":{"line":160,"column":4},"end":{"line":160,"column":37}},{"start":{},"end":{}}],"line":160},"11":{"loc":{"start":{"line":187,"column":4},"end":{"line":189,"column":5}},"type":"if","locations":[{"start":{"line":187,"column":4},"end":{"line":189,"column":5}},{"start":{},"end":{}}],"line":187},"12":{"loc":{"start":{"line":214,"column":4},"end":{"line":216,"column":5}},"type":"if","locations":[{"start":{"line":214,"column":4},"end":{"line":216,"column":5}},{"start":{},"end":{}}],"line":214},"13":{"loc":{"start":{"line":214,"column":8},"end":{"line":214,"column":31}},"type":"binary-expr","locations":[{"start":{"line":214,"column":8},"end":{"line":214,"column":22}},{"start":{"line":214,"column":26},"end":{"line":214,"column":31}}],"line":214},"14":{"loc":{"start":{"line":218,"column":4},"end":{"line":220,"column":5}},"type":"if","locations":[{"start":{"line":218,"column":4},"end":{"line":220,"column":5}},{"start":{},"end":{}}],"line":218},"15":{"loc":{"start":{"line":224,"column":4},"end":{"line":226,"column":5}},"type":"if","locations":[{"start":{"line":224,"column":4},"end":{"line":226,"column":5}},{"start":{},"end":{}}],"line":224},"16":{"loc":{"start":{"line":232,"column":16},"end":{"line":232,"column":30}},"type":"binary-expr","locations":[{"start":{"line":232,"column":16},"end":{"line":232,"column":24}},{"start":{"line":232,"column":28},"end":{"line":232,"column":30}}],"line":232},"17":{"loc":{"start":{"line":263,"column":4},"end":{"line":265,"column":5}},"type":"if","locations":[{"start":{"line":263,"column":4},"end":{"line":265,"column":5}},{"start":{},"end":{}}],"line":263},"18":{"loc":{"start":{"line":263,"column":8},"end":{"line":263,"column":27}},"type":"binary-expr","locations":[{"start":{"line":263,"column":8},"end":{"line":263,"column":14}},{"start":{"line":263,"column":18},"end":{"line":263,"column":27}}],"line":263},"19":{"loc":{"start":{"line":268,"column":4},"end":{"line":270,"column":5}},"type":"if","locations":[{"start":{"line":268,"column":4},"end":{"line":270,"column":5}},{"start":{},"end":{}}],"line":268},"20":{"loc":{"start":{"line":277,"column":4},"end":{"line":277,"column":43}},"type":"if","locations":[{"start":{"line":277,"column":4},"end":{"line":277,"column":43}},{"start":{},"end":{}}],"line":277},"21":{"loc":{"start":{"line":278,"column":4},"end":{"line":278,"column":34}},"type":"if","locations":[{"start":{"line":278,"column":4},"end":{"line":278,"column":34}},{"start":{},"end":{}}],"line":278},"22":{"loc":{"start":{"line":286,"column":4},"end":{"line":288,"column":5}},"type":"if","locations":[{"start":{"line":286,"column":4},"end":{"line":288,"column":5}},{"start":{},"end":{}}],"line":286},"23":{"loc":{"start":{"line":290,"column":4},"end":{"line":292,"column":5}},"type":"if","locations":[{"start":{"line":290,"column":4},"end":{"line":292,"column":5}},{"start":{},"end":{}}],"line":290},"24":{"loc":{"start":{"line":314,"column":18},"end":{"line":314,"column":86}},"type":"binary-expr","locations":[{"start":{"line":314,"column":18},"end":{"line":314,"column":43}},{"start":{"line":314,"column":47},"end":{"line":314,"column":86}}],"line":314},"25":{"loc":{"start":{"line":315,"column":4},"end":{"line":315,"column":62}},"type":"if","locations":[{"start":{"line":315,"column":4},"end":{"line":315,"column":62}},{"start":{},"end":{}}],"line":315},"26":{"loc":{"start":{"line":318,"column":20},"end":{"line":318,"column":70}},"type":"binary-expr","locations":[{"start":{"line":318,"column":20},"end":{"line":318,"column":64}},{"start":{"line":318,"column":68},"end":{"line":318,"column":70}}],"line":318},"27":{"loc":{"start":{"line":319,"column":16},"end":{"line":319,"column":100}},"type":"cond-expr","locations":[{"start":{"line":319,"column":30},"end":{"line":319,"column":58}},{"start":{"line":319,"column":61},"end":{"line":319,"column":100}}],"line":319}},"s":{"0":8,"1":0,"2":0,"3":0,"4":0,"5":0,"6":0,"7":0,"8":0,"9":0,"10":0,"11":0,"12":0,"13":0,"14":0,"15":0,"16":0,"17":0,"18":0,"19":8,"20":0,"21":0,"22":0,"23":0,"24":0,"25":0,"26":0,"27":0,"28":0,"29":0,"30":0,"31":0,"32":0,"33":0,"34":0,"35":0,"36":0,"37":0,"38":0,"39":0,"40":0,"41":8,"42":0,"43":0,"44":0,"45":0,"46":0,"47":0,"48":0,"49":8,"50":0,"51":0,"52":0,"53":0,"54":0,"55":0,"56":0,"57":0,"58":0,"59":0,"60":0,"61":8,"62":0,"63":0,"64":0,"65":0,"66":0,"67":0,"68":0,"69":0,"70":0,"71":0,"72":0,"73":0,"74":0,"75":0,"76":8,"77":0,"78":0,"79":0,"80":0,"81":0,"82":0,"83":0,"84":0,"85":0,"86":0,"87":0,"88":0,"89":0,"90":0,"91":0,"92":0,"93":8,"94":0,"95":0,"96":0,"97":0,"98":0,"99":0,"100":0,"101":0,"102":0,"103":0,"104":0,"105":0,"106":0,"107":0,"108":0,"109":0,"110":0,"111":0,"112":0,"113":0,"114":0,"115":0,"116":0,"117":0,"118":0,"119":0,"120":0,"121":0,"122":8,"123":0,"124":0,"125":0,"126":0,"127":0,"128":0,"129":0,"130":0,"131":0,"132":0,"133":0,"134":0},"f":{"0":0,"1":0,"2":0,"3":0,"4":0,"5":0,"6":0,"7":0},"b":{"0":[0,0],"1":[0,0,0],"2":[0,0],"3":[0,0],"4":[0,0],"5":[0,0],"6":[0,0,0,0],"7":[0,0],"8":[0,0],"9":[0,0],"10":[0,0],"11":[0,0],"12":[0,0],"13":[0,0],"14":[0,0],"15":[0,0],"16":[0,0],"17":[0,0],"18":[0,0],"19":[0,0],"20":[0,0],"21":[0,0],"22":[0,0],"23":[0,0],"24":[0,0],"25":[0,0],"26":[0,0],"27":[0,0]},"_coverageSchema":"1a1c01bbd47fc00a2c39e90264f33305004495a9","hash":"4829a1fd247bf08105b17743ae9faddf7cd857cc"}
,"/workspaces/garka/backend/controllers/dealInitiatorController.js": {"path":"/workspaces/garka/backend/controllers/dealInitiatorController.js","statementMap":{"0":{"start":{"line":4,"column":25},"end":{"line":24,"column":1}},"1":{"start":{"line":5,"column":2},"end":{"line":23,"column":3}},"2":{"start":{"line":6,"column":25},"end":{"line":6,"column":86}},"3":{"start":{"line":7,"column":4},"end":{"line":7,"column":74}},"4":{"start":{"line":7,"column":23},"end":{"line":7,"column":74}},"5":{"start":{"line":9,"column":4},"end":{"line":9,"column":89}},"6":{"start":{"line":9,"column":32},"end":{"line":9,"column":89}},"7":{"start":{"line":11,"column":22},"end":{"line":11,"column":84}},"8":{"start":{"line":13,"column":4},"end":{"line":13,"column":41}},"9":{"start":{"line":14,"column":4},"end":{"line":14,"column":44}},"10":{"start":{"line":15,"column":4},"end":{"line":15,"column":40}},"11":{"start":{"line":16,"column":4},"end":{"line":16,"column":43}},"12":{"start":{"line":18,"column":4},"end":{"line":18,"column":30}},"13":{"start":{"line":20,"column":4},"end":{"line":20,"column":62}},"14":{"start":{"line":22,"column":4},"end":{"line":22,"column":45}}},"fnMap":{"0":{"name":"(anonymous_0)","decl":{"start":{"line":4,"column":25},"end":{"line":4,"column":26}},"loc":{"start":{"line":4,"column":45},"end":{"line":24,"column":1}},"line":4}},"branchMap":{"0":{"loc":{"start":{"line":7,"column":4},"end":{"line":7,"column":74}},"type":"if","locations":[{"start":{"line":7,"column":4},"end":{"line":7,"column":74}},{"start":{},"end":{}}],"line":7},"1":{"loc":{"start":{"line":9,"column":4},"end":{"line":9,"column":89}},"type":"if","locations":[{"start":{"line":9,"column":4},"end":{"line":9,"column":89}},{"start":{},"end":{}}],"line":9},"2":{"loc":{"start":{"line":11,"column":22},"end":{"line":11,"column":84}},"type":"cond-expr","locations":[{"start":{"line":11,"column":59},"end":{"line":11,"column":74}},{"start":{"line":11,"column":77},"end":{"line":11,"column":84}}],"line":11}},"s":{"0":8,"1":0,"2":0,"3":0,"4":0,"5":0,"6":0,"7":0,"8":0,"9":0,"10":0,"11":0,"12":0,"13":0,"14":0},"f":{"0":0},"b":{"0":[0,0],"1":[0,0],"2":[0,0]},"_coverageSchema":"1a1c01bbd47fc00a2c39e90264f33305004495a9","hash":"33583410c66767d1966a8a19f73652acf64c9c73"}
,"/workspaces/garka/backend/controllers/paymentController.js": {"path":"/workspaces/garka/backend/controllers/paymentController.js","statementMap":{"0":{"start":{"line":8,"column":35},"end":{"line":40,"column":1}},"1":{"start":{"line":9,"column":2},"end":{"line":39,"column":3}},"2":{"start":{"line":10,"column":39},"end":{"line":10,"column":47}},"3":{"start":{"line":12,"column":4},"end":{"line":14,"column":5}},"4":{"start":{"line":13,"column":6},"end":{"line":13,"column":74}},"5":{"start":{"line":16,"column":25},"end":{"line":16,"column":75}},"6":{"start":{"line":17,"column":4},"end":{"line":19,"column":5}},"7":{"start":{"line":18,"column":6},"end":{"line":18,"column":65}},"8":{"start":{"line":21,"column":4},"end":{"line":23,"column":5}},"9":{"start":{"line":22,"column":6},"end":{"line":22,"column":78}},"10":{"start":{"line":25,"column":26},"end":{"line":29,"column":5}},"11":{"start":{"line":32,"column":4},"end":{"line":32,"column":65}},"12":{"start":{"line":33,"column":4},"end":{"line":33,"column":30}},"13":{"start":{"line":35,"column":4},"end":{"line":35,"column":65}},"14":{"start":{"line":37,"column":4},"end":{"line":37,"column":77}},"15":{"start":{"line":38,"column":4},"end":{"line":38,"column":64}},"16":{"start":{"line":42,"column":29},"end":{"line":60,"column":1}},"17":{"start":{"line":43,"column":2},"end":{"line":59,"column":3}},"18":{"start":{"line":44,"column":22},"end":{"line":44,"column":53}},"19":{"start":{"line":46,"column":4},"end":{"line":48,"column":5}},"20":{"start":{"line":47,"column":6},"end":{"line":47,"column":56}},"21":{"start":{"line":50,"column":19},"end":{"line":53,"column":5}},"22":{"start":{"line":55,"column":4},"end":{"line":55,"column":66}},"23":{"start":{"line":57,"column":4},"end":{"line":57,"column":63}},"24":{"start":{"line":58,"column":4},"end":{"line":58,"column":58}},"25":{"start":{"line":62,"column":32},"end":{"line":87,"column":1}},"26":{"start":{"line":63,"column":2},"end":{"line":86,"column":3}},"27":{"start":{"line":64,"column":31},"end":{"line":64,"column":41}},"28":{"start":{"line":66,"column":25},"end":{"line":67,"column":62}},"29":{"start":{"line":69,"column":4},"end":{"line":71,"column":5}},"30":{"start":{"line":70,"column":6},"end":{"line":70,"column":57}},"31":{"start":{"line":73,"column":4},"end":{"line":76,"column":5}},"32":{"start":{"line":75,"column":6},"end":{"line":75,"column":49}},"33":{"start":{"line":78,"column":4},"end":{"line":82,"column":35}},"34":{"start":{"line":84,"column":4},"end":{"line":84,"column":63}},"35":{"start":{"line":85,"column":4},"end":{"line":85,"column":61}},"36":{"start":{"line":89,"column":36},"end":{"line":138,"column":1}},"37":{"start":{"line":90,"column":2},"end":{"line":137,"column":3}},"38":{"start":{"line":91,"column":52},"end":{"line":91,"column":60}},"39":{"start":{"line":93,"column":4},"end":{"line":95,"column":5}},"40":{"start":{"line":94,"column":6},"end":{"line":94,"column":74}},"41":{"start":{"line":97,"column":25},"end":{"line":97,"column":75}},"42":{"start":{"line":98,"column":4},"end":{"line":100,"column":5}},"43":{"start":{"line":99,"column":6},"end":{"line":99,"column":65}},"44":{"start":{"line":102,"column":4},"end":{"line":104,"column":5}},"45":{"start":{"line":103,"column":6},"end":{"line":103,"column":78}},"46":{"start":{"line":106,"column":29},"end":{"line":106,"column":68}},"47":{"start":{"line":109,"column":15},"end":{"line":117,"column":6}},"48":{"start":{"line":120,"column":17},"end":{"line":126,"column":6}},"49":{"start":{"line":129,"column":4},"end":{"line":129,"column":53}},"50":{"start":{"line":130,"column":4},"end":{"line":130,"column":42}},"51":{"start":{"line":131,"column":4},"end":{"line":131,"column":30}},"52":{"start":{"line":133,"column":4},"end":{"line":133,"column":69}},"53":{"start":{"line":135,"column":4},"end":{"line":135,"column":67}},"54":{"start":{"line":136,"column":4},"end":{"line":136,"column":65}},"55":{"start":{"line":140,"column":36},"end":{"line":244,"column":1}},"56":{"start":{"line":141,"column":2},"end":{"line":243,"column":3}},"57":{"start":{"line":143,"column":28},"end":{"line":143,"column":141}},"58":{"start":{"line":144,"column":20},"end":{"line":144,"column":28}},"59":{"start":{"line":146,"column":21},"end":{"line":146,"column":90}},"60":{"start":{"line":148,"column":4},"end":{"line":151,"column":5}},"61":{"start":{"line":149,"column":6},"end":{"line":149,"column":55}},"62":{"start":{"line":150,"column":6},"end":{"line":150,"column":52}},"63":{"start":{"line":153,"column":20},"end":{"line":153,"column":88}},"64":{"start":{"line":156,"column":32},"end":{"line":156,"column":39}},"65":{"start":{"line":157,"column":26},"end":{"line":157,"column":82}},"66":{"start":{"line":158,"column":20},"end":{"line":158,"column":52}},"67":{"start":{"line":160,"column":4},"end":{"line":162,"column":5}},"68":{"start":{"line":161,"column":6},"end":{"line":161,"column":50}},"69":{"start":{"line":164,"column":29},"end":{"line":164,"column":79}},"70":{"start":{"line":166,"column":4},"end":{"line":169,"column":5}},"71":{"start":{"line":167,"column":6},"end":{"line":167,"column":55}},"72":{"start":{"line":168,"column":6},"end":{"line":168,"column":60}},"73":{"start":{"line":172,"column":25},"end":{"line":172,"column":76}},"74":{"start":{"line":173,"column":4},"end":{"line":182,"column":5}},"75":{"start":{"line":174,"column":23},"end":{"line":174,"column":83}},"76":{"start":{"line":175,"column":6},"end":{"line":178,"column":7}},"77":{"start":{"line":176,"column":8},"end":{"line":176,"column":67}},"78":{"start":{"line":177,"column":8},"end":{"line":177,"column":61}},"79":{"start":{"line":181,"column":6},"end":{"line":181,"column":75}},"80":{"start":{"line":185,"column":4},"end":{"line":201,"column":5}},"81":{"start":{"line":186,"column":18},"end":{"line":186,"column":60}},"82":{"start":{"line":187,"column":21},"end":{"line":187,"column":65}},"83":{"start":{"line":188,"column":27},"end":{"line":188,"column":110}},"84":{"start":{"line":189,"column":6},"end":{"line":198,"column":7}},"85":{"start":{"line":190,"column":26},"end":{"line":190,"column":48}},"86":{"start":{"line":191,"column":8},"end":{"line":197,"column":9}},"87":{"start":{"line":192,"column":22},"end":{"line":192,"column":63}},"88":{"start":{"line":193,"column":10},"end":{"line":196,"column":11}},"89":{"start":{"line":194,"column":12},"end":{"line":194,"column":69}},"90":{"start":{"line":195,"column":12},"end":{"line":195,"column":55}},"91":{"start":{"line":200,"column":6},"end":{"line":200,"column":69}},"92":{"start":{"line":203,"column":15},"end":{"line":203,"column":102}},"93":{"start":{"line":204,"column":25},"end":{"line":204,"column":80}},"94":{"start":{"line":206,"column":4},"end":{"line":223,"column":5}},"95":{"start":{"line":207,"column":6},"end":{"line":211,"column":7}},"96":{"start":{"line":208,"column":8},"end":{"line":208,"column":30}},"97":{"start":{"line":209,"column":8},"end":{"line":209,"column":36}},"98":{"start":{"line":210,"column":8},"end":{"line":210,"column":24}},"99":{"start":{"line":213,"column":6},"end":{"line":220,"column":7}},"100":{"start":{"line":214,"column":8},"end":{"line":214,"column":44}},"101":{"start":{"line":215,"column":8},"end":{"line":215,"column":65}},"102":{"start":{"line":216,"column":8},"end":{"line":216,"column":41}},"103":{"start":{"line":218,"column":8},"end":{"line":218,"column":43}},"104":{"start":{"line":219,"column":8},"end":{"line":219,"column":34}},"105":{"start":{"line":222,"column":6},"end":{"line":222,"column":53}},"106":{"start":{"line":225,"column":4},"end":{"line":237,"column":5}},"107":{"start":{"line":226,"column":6},"end":{"line":229,"column":7}},"108":{"start":{"line":227,"column":8},"end":{"line":227,"column":29}},"109":{"start":{"line":228,"column":8},"end":{"line":228,"column":24}},"110":{"start":{"line":231,"column":6},"end":{"line":234,"column":7}},"111":{"start":{"line":232,"column":8},"end":{"line":232,"column":46}},"112":{"start":{"line":233,"column":8},"end":{"line":233,"column":34}},"113":{"start":{"line":236,"column":6},"end":{"line":236,"column":60}},"114":{"start":{"line":239,"column":4},"end":{"line":239,"column":50}},"115":{"start":{"line":241,"column":4},"end":{"line":241,"column":60}},"116":{"start":{"line":242,"column":4},"end":{"line":242,"column":58}}},"fnMap":{"0":{"name":"(anonymous_0)","decl":{"start":{"line":8,"column":35},"end":{"line":8,"column":36}},"loc":{"start":{"line":8,"column":55},"end":{"line":40,"column":1}},"line":8},"1":{"name":"(anonymous_1)","decl":{"start":{"line":42,"column":29},"end":{"line":42,"column":30}},"loc":{"start":{"line":42,"column":49},"end":{"line":60,"column":1}},"line":42},"2":{"name":"(anonymous_2)","decl":{"start":{"line":62,"column":32},"end":{"line":62,"column":33}},"loc":{"start":{"line":62,"column":52},"end":{"line":87,"column":1}},"line":62},"3":{"name":"(anonymous_3)","decl":{"start":{"line":89,"column":36},"end":{"line":89,"column":37}},"loc":{"start":{"line":89,"column":56},"end":{"line":138,"column":1}},"line":89},"4":{"name":"(anonymous_4)","decl":{"start":{"line":140,"column":36},"end":{"line":140,"column":37}},"loc":{"start":{"line":140,"column":56},"end":{"line":244,"column":1}},"line":140}},"branchMap":{"0":{"loc":{"start":{"line":12,"column":4},"end":{"line":14,"column":5}},"type":"if","locations":[{"start":{"line":12,"column":4},"end":{"line":14,"column":5}},{"start":{},"end":{}}],"line":12},"1":{"loc":{"start":{"line":12,"column":8},"end":{"line":12,"column":34}},"type":"binary-expr","locations":[{"start":{"line":12,"column":8},"end":{"line":12,"column":23}},{"start":{"line":12,"column":27},"end":{"line":12,"column":34}}],"line":12},"2":{"loc":{"start":{"line":17,"column":4},"end":{"line":19,"column":5}},"type":"if","locations":[{"start":{"line":17,"column":4},"end":{"line":19,"column":5}},{"start":{},"end":{}}],"line":17},"3":{"loc":{"start":{"line":21,"column":4},"end":{"line":23,"column":5}},"type":"if","locations":[{"start":{"line":21,"column":4},"end":{"line":23,"column":5}},{"start":{},"end":{}}],"line":21},"4":{"loc":{"start":{"line":46,"column":4},"end":{"line":48,"column":5}},"type":"if","locations":[{"start":{"line":46,"column":4},"end":{"line":48,"column":5}},{"start":{},"end":{}}],"line":46},"5":{"loc":{"start":{"line":52,"column":6},"end":{"line":52,"column":29}},"type":"binary-expr","locations":[{"start":{"line":52,"column":6},"end":{"line":52,"column":17}},{"start":{"line":52,"column":21},"end":{"line":52,"column":29}}],"line":52},"6":{"loc":{"start":{"line":69,"column":4},"end":{"line":71,"column":5}},"type":"if","locations":[{"start":{"line":69,"column":4},"end":{"line":71,"column":5}},{"start":{},"end":{}}],"line":69},"7":{"loc":{"start":{"line":73,"column":4},"end":{"line":76,"column":5}},"type":"if","locations":[{"start":{"line":73,"column":4},"end":{"line":76,"column":5}},{"start":{},"end":{}}],"line":73},"8":{"loc":{"start":{"line":73,"column":8},"end":{"line":74,"column":64}},"type":"binary-expr","locations":[{"start":{"line":73,"column":8},"end":{"line":73,"column":64}},{"start":{"line":74,"column":8},"end":{"line":74,"column":64}}],"line":73},"9":{"loc":{"start":{"line":93,"column":4},"end":{"line":95,"column":5}},"type":"if","locations":[{"start":{"line":93,"column":4},"end":{"line":95,"column":5}},{"start":{},"end":{}}],"line":93},"10":{"loc":{"start":{"line":93,"column":8},"end":{"line":93,"column":34}},"type":"binary-expr","locations":[{"start":{"line":93,"column":8},"end":{"line":93,"column":23}},{"start":{"line":93,"column":27},"end":{"line":93,"column":34}}],"line":93},"11":{"loc":{"start":{"line":98,"column":4},"end":{"line":100,"column":5}},"type":"if","locations":[{"start":{"line":98,"column":4},"end":{"line":100,"column":5}},{"start":{},"end":{}}],"line":98},"12":{"loc":{"start":{"line":102,"column":4},"end":{"line":104,"column":5}},"type":"if","locations":[{"start":{"line":102,"column":4},"end":{"line":104,"column":5}},{"start":{},"end":{}}],"line":102},"13":{"loc":{"start":{"line":122,"column":20},"end":{"line":122,"column":55}},"type":"binary-expr","locations":[{"start":{"line":122,"column":20},"end":{"line":122,"column":37}},{"start":{"line":122,"column":41},"end":{"line":122,"column":55}}],"line":122},"14":{"loc":{"start":{"line":125,"column":19},"end":{"line":125,"column":36}},"type":"binary-expr","locations":[{"start":{"line":125,"column":19},"end":{"line":125,"column":30}},{"start":{"line":125,"column":34},"end":{"line":125,"column":36}}],"line":125},"15":{"loc":{"start":{"line":143,"column":28},"end":{"line":143,"column":141}},"type":"binary-expr","locations":[{"start":{"line":143,"column":28},"end":{"line":143,"column":62}},{"start":{"line":143,"column":66},"end":{"line":143,"column":99}},{"start":{"line":143,"column":103},"end":{"line":143,"column":141}}],"line":143},"16":{"loc":{"start":{"line":148,"column":4},"end":{"line":151,"column":5}},"type":"if","locations":[{"start":{"line":148,"column":4},"end":{"line":151,"column":5}},{"start":{},"end":{}}],"line":148},"17":{"loc":{"start":{"line":153,"column":20},"end":{"line":153,"column":88}},"type":"cond-expr","locations":[{"start":{"line":153,"column":47},"end":{"line":153,"column":77}},{"start":{"line":153,"column":80},"end":{"line":153,"column":88}}],"line":153},"18":{"loc":{"start":{"line":157,"column":26},"end":{"line":157,"column":82}},"type":"binary-expr","locations":[{"start":{"line":157,"column":26},"end":{"line":157,"column":51}},{"start":{"line":157,"column":55},"end":{"line":157,"column":82}}],"line":157},"19":{"loc":{"start":{"line":158,"column":20},"end":{"line":158,"column":52}},"type":"binary-expr","locations":[{"start":{"line":158,"column":20},"end":{"line":158,"column":35}},{"start":{"line":158,"column":39},"end":{"line":158,"column":52}}],"line":158},"20":{"loc":{"start":{"line":160,"column":4},"end":{"line":162,"column":5}},"type":"if","locations":[{"start":{"line":160,"column":4},"end":{"line":162,"column":5}},{"start":{},"end":{}}],"line":160},"21":{"loc":{"start":{"line":164,"column":29},"end":{"line":164,"column":79}},"type":"binary-expr","locations":[{"start":{"line":164,"column":29},"end":{"line":164,"column":50}},{"start":{"line":164,"column":54},"end":{"line":164,"column":79}}],"line":164},"22":{"loc":{"start":{"line":166,"column":4},"end":{"line":169,"column":5}},"type":"if","locations":[{"start":{"line":166,"column":4},"end":{"line":169,"column":5}},{"start":{},"end":{}}],"line":166},"23":{"loc":{"start":{"line":173,"column":4},"end":{"line":182,"column":5}},"type":"if","locations":[{"start":{"line":173,"column":4},"end":{"line":182,"column":5}},{"start":{},"end":{}}],"line":173},"24":{"loc":{"start":{"line":175,"column":6},"end":{"line":178,"column":7}},"type":"if","locations":[{"start":{"line":175,"column":6},"end":{"line":178,"column":7}},{"start":{},"end":{}}],"line":175},"25":{"loc":{"start":{"line":187,"column":21},"end":{"line":187,"column":65}},"type":"binary-expr","locations":[{"start":{"line":187,"column":21},"end":{"line":187,"column":56}},{"start":{"line":187,"column":60},"end":{"line":187,"column":65}}],"line":187},"26":{"loc":{"start":{"line":188,"column":27},"end":{"line":188,"column":110}},"type":"binary-expr","locations":[{"start":{"line":188,"column":27},"end":{"line":188,"column":47}},{"start":{"line":188,"column":51},"end":{"line":188,"column":71}},{"start":{"line":188,"column":75},"end":{"line":188,"column":92}},{"start":{"line":188,"column":96},"end":{"line":188,"column":110}}],"line":188},"27":{"loc":{"start":{"line":189,"column":6},"end":{"line":198,"column":7}},"type":"if","locations":[{"start":{"line":189,"column":6},"end":{"line":198,"column":7}},{"start":{},"end":{}}],"line":189},"28":{"loc":{"start":{"line":191,"column":8},"end":{"line":197,"column":9}},"type":"if","locations":[{"start":{"line":191,"column":8},"end":{"line":197,"column":9}},{"start":{},"end":{}}],"line":191},"29":{"loc":{"start":{"line":193,"column":10},"end":{"line":196,"column":11}},"type":"if","locations":[{"start":{"line":193,"column":10},"end":{"line":196,"column":11}},{"start":{},"end":{}}],"line":193},"30":{"loc":{"start":{"line":206,"column":4},"end":{"line":223,"column":5}},"type":"if","locations":[{"start":{"line":206,"column":4},"end":{"line":223,"column":5}},{"start":{},"end":{}}],"line":206},"31":{"loc":{"start":{"line":206,"column":8},"end":{"line":206,"column":75}},"type":"binary-expr","locations":[{"start":{"line":206,"column":8},"end":{"line":206,"column":46}},{"start":{"line":206,"column":50},"end":{"line":206,"column":75}}],"line":206},"32":{"loc":{"start":{"line":207,"column":6},"end":{"line":211,"column":7}},"type":"if","locations":[{"start":{"line":207,"column":6},"end":{"line":211,"column":7}},{"start":{},"end":{}}],"line":207},"33":{"loc":{"start":{"line":213,"column":6},"end":{"line":220,"column":7}},"type":"if","locations":[{"start":{"line":213,"column":6},"end":{"line":220,"column":7}},{"start":{},"end":{}}],"line":213},"34":{"loc":{"start":{"line":225,"column":4},"end":{"line":237,"column":5}},"type":"if","locations":[{"start":{"line":225,"column":4},"end":{"line":237,"column":5}},{"start":{},"end":{}}],"line":225},"35":{"loc":{"start":{"line":225,"column":8},"end":{"line":225,"column":70}},"type":"binary-expr","locations":[{"start":{"line":225,"column":8},"end":{"line":225,"column":42}},{"start":{"line":225,"column":46},"end":{"line":225,"column":70}}],"line":225},"36":{"loc":{"start":{"line":226,"column":6},"end":{"line":229,"column":7}},"type":"if","locations":[{"start":{"line":226,"column":6},"end":{"line":229,"column":7}},{"start":{},"end":{}}],"line":226},"37":{"loc":{"start":{"line":231,"column":6},"end":{"line":234,"column":7}},"type":"if","locations":[{"start":{"line":231,"column":6},"end":{"line":234,"column":7}},{"start":{},"end":{}}],"line":231}},"s":{"0":8,"1":0,"2":0,"3":0,"4":0,"5":0,"6":0,"7":0,"8":0,"9":0,"10":0,"11":0,"12":0,"13":0,"14":0,"15":0,"16":8,"17":0,"18":0,"19":0,"20":0,"21":0,"22":0,"23":0,"24":0,"25":8,"26":0,"27":0,"28":0,"29":0,"30":0,"31":0,"32":0,"33":0,"34":0,"35":0,"36":8,"37":0,"38":0,"39":0,"40":0,"41":0,"42":0,"43":0,"44":0,"45":0,"46":0,"47":0,"48":0,"49":0,"50":0,"51":0,"52":0,"53":0,"54":0,"55":8,"56":0,"57":0,"58":0,"59":0,"60":0,"61":0,"62":0,"63":0,"64":0,"65":0,"66":0,"67":0,"68":0,"69":0,"70":0,"71":0,"72":0,"73":0,"74":0,"75":0,"76":0,"77":0,"78":0,"79":0,"80":0,"81":0,"82":0,"83":0,"84":0,"85":0,"86":0,"87":0,"88":0,"89":0,"90":0,"91":0,"92":0,"93":0,"94":0,"95":0,"96":0,"97":0,"98":0,"99":0,"100":0,"101":0,"102":0,"103":0,"104":0,"105":0,"106":0,"107":0,"108":0,"109":0,"110":0,"111":0,"112":0,"113":0,"114":0,"115":0,"116":0},"f":{"0":0,"1":0,"2":0,"3":0,"4":0},"b":{"0":[0,0],"1":[0,0],"2":[0,0],"3":[0,0],"4":[0,0],"5":[0,0],"6":[0,0],"7":[0,0],"8":[0,0],"9":[0,0],"10":[0,0],"11":[0,0],"12":[0,0],"13":[0,0],"14":[0,0],"15":[0,0,0],"16":[0,0],"17":[0,0],"18":[0,0],"19":[0,0],"20":[0,0],"21":[0,0],"22":[0,0],"23":[0,0],"24":[0,0],"25":[0,0],"26":[0,0,0,0],"27":[0,0],"28":[0,0],"29":[0,0],"30":[0,0],"31":[0,0],"32":[0,0],"33":[0,0],"34":[0,0],"35":[0,0],"36":[0,0],"37":[0,0]},"_coverageSchema":"1a1c01bbd47fc00a2c39e90264f33305004495a9","hash":"3f6cdf09da0769ac5dc4c76f302f6fc12a315815"}
,"/workspaces/garka/backend/controllers/propertyController.js": {"path":"/workspaces/garka/backend/controllers/propertyController.js","statementMap":{"0":{"start":{"line":5,"column":30},"end":{"line":20,"column":1}},"1":{"start":{"line":6,"column":2},"end":{"line":19,"column":3}},"2":{"start":{"line":7,"column":18},"end":{"line":7,"column":60}},"3":{"start":{"line":8,"column":4},"end":{"line":8,"column":68}},"4":{"start":{"line":8,"column":16},"end":{"line":8,"column":68}},"5":{"start":{"line":10,"column":21},"end":{"line":14,"column":6}},"6":{"start":{"line":16,"column":4},"end":{"line":16,"column":71}},"7":{"start":{"line":18,"column":4},"end":{"line":18,"column":58}},"8":{"start":{"line":22,"column":30},"end":{"line":29,"column":1}},"9":{"start":{"line":23,"column":2},"end":{"line":28,"column":3}},"10":{"start":{"line":24,"column":23},"end":{"line":24,"column":114}},"11":{"start":{"line":25,"column":4},"end":{"line":25,"column":64}},"12":{"start":{"line":27,"column":4},"end":{"line":27,"column":58}}},"fnMap":{"0":{"name":"(anonymous_0)","decl":{"start":{"line":5,"column":30},"end":{"line":5,"column":31}},"loc":{"start":{"line":5,"column":50},"end":{"line":20,"column":1}},"line":5},"1":{"name":"(anonymous_1)","decl":{"start":{"line":22,"column":30},"end":{"line":22,"column":31}},"loc":{"start":{"line":22,"column":50},"end":{"line":29,"column":1}},"line":22}},"branchMap":{"0":{"loc":{"start":{"line":8,"column":4},"end":{"line":8,"column":68}},"type":"if","locations":[{"start":{"line":8,"column":4},"end":{"line":8,"column":68}},{"start":{},"end":{}}],"line":8}},"s":{"0":8,"1":0,"2":0,"3":0,"4":0,"5":0,"6":0,"7":0,"8":8,"9":0,"10":0,"11":0,"12":0},"f":{"0":0,"1":0},"b":{"0":[0,0]},"_coverageSchema":"1a1c01bbd47fc00a2c39e90264f33305004495a9","hash":"e77b32bd6e08e173ad613d5a3a68834697fad6a6"}
,"/workspaces/garka/backend/controllers/verificationController.js": {"path":"/workspaces/garka/backend/controllers/verificationController.js","statementMap":{"0":{"start":{"line":5,"column":35},"end":{"line":15,"column":1}},"1":{"start":{"line":6,"column":2},"end":{"line":14,"column":3}},"2":{"start":{"line":7,"column":19},"end":{"line":10,"column":6}},"3":{"start":{"line":11,"column":4},"end":{"line":11,"column":76}},"4":{"start":{"line":13,"column":4},"end":{"line":13,"column":63}},"5":{"start":{"line":17,"column":35},"end":{"line":29,"column":1}},"6":{"start":{"line":18,"column":2},"end":{"line":28,"column":3}},"7":{"start":{"line":19,"column":19},"end":{"line":22,"column":5}},"8":{"start":{"line":25,"column":4},"end":{"line":25,"column":61}},"9":{"start":{"line":27,"column":4},"end":{"line":27,"column":63}},"10":{"start":{"line":31,"column":31},"end":{"line":68,"column":1}},"11":{"start":{"line":32,"column":2},"end":{"line":67,"column":3}},"12":{"start":{"line":33,"column":25},"end":{"line":37,"column":68}},"13":{"start":{"line":39,"column":4},"end":{"line":39,"column":74}},"14":{"start":{"line":39,"column":23},"end":{"line":39,"column":74}},"15":{"start":{"line":42,"column":28},"end":{"line":42,"column":33}},"16":{"start":{"line":43,"column":4},"end":{"line":45,"column":5}},"17":{"start":{"line":44,"column":6},"end":{"line":44,"column":31}},"18":{"start":{"line":47,"column":21},"end":{"line":47,"column":95}},"19":{"start":{"line":48,"column":4},"end":{"line":51,"column":5}},"20":{"start":{"line":50,"column":6},"end":{"line":50,"column":138}},"21":{"start":{"line":54,"column":28},"end":{"line":54,"column":32}},"22":{"start":{"line":55,"column":4},"end":{"line":62,"column":5}},"23":{"start":{"line":56,"column":6},"end":{"line":61,"column":15}},"24":{"start":{"line":64,"column":4},"end":{"line":64,"column":103}},"25":{"start":{"line":66,"column":4},"end":{"line":66,"column":59}}},"fnMap":{"0":{"name":"(anonymous_0)","decl":{"start":{"line":5,"column":35},"end":{"line":5,"column":36}},"loc":{"start":{"line":5,"column":55},"end":{"line":15,"column":1}},"line":5},"1":{"name":"(anonymous_1)","decl":{"start":{"line":17,"column":35},"end":{"line":17,"column":36}},"loc":{"start":{"line":17,"column":55},"end":{"line":29,"column":1}},"line":17},"2":{"name":"(anonymous_2)","decl":{"start":{"line":31,"column":31},"end":{"line":31,"column":32}},"loc":{"start":{"line":31,"column":51},"end":{"line":68,"column":1}},"line":31}},"branchMap":{"0":{"loc":{"start":{"line":39,"column":4},"end":{"line":39,"column":74}},"type":"if","locations":[{"start":{"line":39,"column":4},"end":{"line":39,"column":74}},{"start":{},"end":{}}],"line":39},"1":{"loc":{"start":{"line":43,"column":4},"end":{"line":45,"column":5}},"type":"if","locations":[{"start":{"line":43,"column":4},"end":{"line":45,"column":5}},{"start":{},"end":{}}],"line":43},"2":{"loc":{"start":{"line":43,"column":8},"end":{"line":43,"column":101}},"type":"binary-expr","locations":[{"start":{"line":43,"column":8},"end":{"line":43,"column":45}},{"start":{"line":43,"column":49},"end":{"line":43,"column":71}},{"start":{"line":43,"column":75},"end":{"line":43,"column":101}}],"line":43},"3":{"loc":{"start":{"line":47,"column":21},"end":{"line":47,"column":95}},"type":"cond-expr","locations":[{"start":{"line":47,"column":47},"end":{"line":47,"column":88}},{"start":{"line":47,"column":91},"end":{"line":47,"column":95}}],"line":47},"4":{"loc":{"start":{"line":48,"column":4},"end":{"line":51,"column":5}},"type":"if","locations":[{"start":{"line":48,"column":4},"end":{"line":51,"column":5}},{"start":{},"end":{}}],"line":48},"5":{"loc":{"start":{"line":48,"column":8},"end":{"line":48,"column":59}},"type":"binary-expr","locations":[{"start":{"line":48,"column":8},"end":{"line":48,"column":26}},{"start":{"line":48,"column":30},"end":{"line":48,"column":38}},{"start":{"line":48,"column":42},"end":{"line":48,"column":59}}],"line":48},"6":{"loc":{"start":{"line":55,"column":4},"end":{"line":62,"column":5}},"type":"if","locations":[{"start":{"line":55,"column":4},"end":{"line":62,"column":5}},{"start":{},"end":{}}],"line":55},"7":{"loc":{"start":{"line":56,"column":26},"end":{"line":61,"column":14}},"type":"cond-expr","locations":[{"start":{"line":56,"column":62},"end":{"line":61,"column":7}},{"start":{"line":61,"column":10},"end":{"line":61,"column":14}}],"line":56},"8":{"loc":{"start":{"line":60,"column":14},"end":{"line":60,"column":55}},"type":"binary-expr","locations":[{"start":{"line":60,"column":14},"end":{"line":60,"column":47}},{"start":{"line":60,"column":51},"end":{"line":60,"column":55}}],"line":60}},"s":{"0":8,"1":0,"2":0,"3":0,"4":0,"5":8,"6":0,"7":0,"8":0,"9":0,"10":8,"11":0,"12":0,"13":0,"14":0,"15":0,"16":0,"17":0,"18":0,"19":0,"20":0,"21":0,"22":0,"23":0,"24":0,"25":0},"f":{"0":0,"1":0,"2":0},"b":{"0":[0,0],"1":[0,0],"2":[0,0,0],"3":[0,0],"4":[0,0],"5":[0,0,0],"6":[0,0],"7":[0,0],"8":[0,0]},"_coverageSchema":"1a1c01bbd47fc00a2c39e90264f33305004495a9","hash":"f62e98649471d71d238e442819e313da7a48d983"}
,"/workspaces/garka/backend/middleware/auditMiddleware.js": {"path":"/workspaces/garka/backend/middleware/auditMiddleware.js","statementMap":{"0":{"start":{"line":4,"column":2},"end":{"line":4,"column":80}},"1":{"start":{"line":5,"column":2},"end":{"line":5,"column":9}}},"fnMap":{"0":{"name":"audit","decl":{"start":{"line":3,"column":24},"end":{"line":3,"column":29}},"loc":{"start":{"line":3,"column":46},"end":{"line":6,"column":1}},"line":3}},"branchMap":{"0":{"loc":{"start":{"line":4,"column":53},"end":{"line":4,"column":76}},"type":"binary-expr","locations":[{"start":{"line":4,"column":53},"end":{"line":4,"column":65}},{"start":{"line":4,"column":69},"end":{"line":4,"column":76}}],"line":4}},"s":{"0":0,"1":0},"f":{"0":0},"b":{"0":[0,0]},"_coverageSchema":"1a1c01bbd47fc00a2c39e90264f33305004495a9","hash":"9a7df92ddc1676fa5a03093a7a84fc4a3f0e9ade"}
,"/workspaces/garka/backend/middleware/authMiddleware.js": {"path":"/workspaces/garka/backend/middleware/authMiddleware.js","statementMap":{"0":{"start":{"line":7,"column":23},"end":{"line":61,"column":1}},"1":{"start":{"line":8,"column":2},"end":{"line":60,"column":3}},"2":{"start":{"line":12,"column":4},"end":{"line":14,"column":5}},"3":{"start":{"line":13,"column":6},"end":{"line":13,"column":54}},"4":{"start":{"line":16,"column":4},"end":{"line":18,"column":5}},"5":{"start":{"line":17,"column":6},"end":{"line":17,"column":59}},"6":{"start":{"line":21,"column":20},"end":{"line":21,"column":53}},"7":{"start":{"line":24,"column":25},"end":{"line":24,"column":76}},"8":{"start":{"line":25,"column":20},"end":{"line":25,"column":57}},"9":{"start":{"line":26,"column":4},"end":{"line":26,"column":59}},"10":{"start":{"line":26,"column":17},"end":{"line":26,"column":59}},"11":{"start":{"line":29,"column":17},"end":{"line":31,"column":26}},"12":{"start":{"line":33,"column":4},"end":{"line":35,"column":5}},"13":{"start":{"line":34,"column":6},"end":{"line":34,"column":49}},"14":{"start":{"line":38,"column":4},"end":{"line":40,"column":5}},"15":{"start":{"line":39,"column":6},"end":{"line":39,"column":54}},"16":{"start":{"line":43,"column":4},"end":{"line":43,"column":20}},"17":{"start":{"line":44,"column":4},"end":{"line":44,"column":29}},"18":{"start":{"line":46,"column":4},"end":{"line":46,"column":63}},"19":{"start":{"line":47,"column":4},"end":{"line":47,"column":11}},"20":{"start":{"line":49,"column":4},"end":{"line":49,"column":49}},"21":{"start":{"line":51,"column":4},"end":{"line":53,"column":5}},"22":{"start":{"line":52,"column":6},"end":{"line":52,"column":48}},"23":{"start":{"line":55,"column":4},"end":{"line":57,"column":5}},"24":{"start":{"line":56,"column":6},"end":{"line":56,"column":48}},"25":{"start":{"line":59,"column":4},"end":{"line":59,"column":54}},"26":{"start":{"line":64,"column":28},"end":{"line":85,"column":1}},"27":{"start":{"line":65,"column":2},"end":{"line":84,"column":3}},"28":{"start":{"line":68,"column":4},"end":{"line":78,"column":5}},"29":{"start":{"line":69,"column":6},"end":{"line":69,"column":54}},"30":{"start":{"line":71,"column":22},"end":{"line":71,"column":55}},"31":{"start":{"line":72,"column":19},"end":{"line":72,"column":70}},"32":{"start":{"line":74,"column":6},"end":{"line":77,"column":7}},"33":{"start":{"line":75,"column":8},"end":{"line":75,"column":24}},"34":{"start":{"line":76,"column":8},"end":{"line":76,"column":33}},"35":{"start":{"line":80,"column":4},"end":{"line":80,"column":11}},"36":{"start":{"line":83,"column":4},"end":{"line":83,"column":11}}},"fnMap":{"0":{"name":"(anonymous_0)","decl":{"start":{"line":7,"column":23},"end":{"line":7,"column":24}},"loc":{"start":{"line":7,"column":49},"end":{"line":61,"column":1}},"line":7},"1":{"name":"(anonymous_1)","decl":{"start":{"line":64,"column":28},"end":{"line":64,"column":29}},"loc":{"start":{"line":64,"column":54},"end":{"line":85,"column":1}},"line":64}},"branchMap":{"0":{"loc":{"start":{"line":12,"column":4},"end":{"line":14,"column":5}},"type":"if","locations":[{"start":{"line":12,"column":4},"end":{"line":14,"column":5}},{"start":{},"end":{}}],"line":12},"1":{"loc":{"start":{"line":12,"column":8},"end":{"line":12,"column":83}},"type":"binary-expr","locations":[{"start":{"line":12,"column":8},"end":{"line":12,"column":33}},{"start":{"line":12,"column":37},"end":{"line":12,"column":83}}],"line":12},"2":{"loc":{"start":{"line":16,"column":4},"end":{"line":18,"column":5}},"type":"if","locations":[{"start":{"line":16,"column":4},"end":{"line":18,"column":5}},{"start":{},"end":{}}],"line":16},"3":{"loc":{"start":{"line":26,"column":4},"end":{"line":26,"column":59}},"type":"if","locations":[{"start":{"line":26,"column":4},"end":{"line":26,"column":59}},{"start":{},"end":{}}],"line":26},"4":{"loc":{"start":{"line":33,"column":4},"end":{"line":35,"column":5}},"type":"if","locations":[{"start":{"line":33,"column":4},"end":{"line":35,"column":5}},{"start":{},"end":{}}],"line":33},"5":{"loc":{"start":{"line":38,"column":4},"end":{"line":40,"column":5}},"type":"if","locations":[{"start":{"line":38,"column":4},"end":{"line":40,"column":5}},{"start":{},"end":{}}],"line":38},"6":{"loc":{"start":{"line":51,"column":4},"end":{"line":53,"column":5}},"type":"if","locations":[{"start":{"line":51,"column":4},"end":{"line":53,"column":5}},{"start":{},"end":{}}],"line":51},"7":{"loc":{"start":{"line":55,"column":4},"end":{"line":57,"column":5}},"type":"if","locations":[{"start":{"line":55,"column":4},"end":{"line":57,"column":5}},{"start":{},"end":{}}],"line":55},"8":{"loc":{"start":{"line":68,"column":4},"end":{"line":78,"column":5}},"type":"if","locations":[{"start":{"line":68,"column":4},"end":{"line":78,"column":5}},{"start":{},"end":{}}],"line":68},"9":{"loc":{"start":{"line":68,"column":8},"end":{"line":68,"column":83}},"type":"binary-expr","locations":[{"start":{"line":68,"column":8},"end":{"line":68,"column":33}},{"start":{"line":68,"column":37},"end":{"line":68,"column":83}}],"line":68},"10":{"loc":{"start":{"line":74,"column":6},"end":{"line":77,"column":7}},"type":"if","locations":[{"start":{"line":74,"column":6},"end":{"line":77,"column":7}},{"start":{},"end":{}}],"line":74},"11":{"loc":{"start":{"line":74,"column":10},"end":{"line":74,"column":31}},"type":"binary-expr","locations":[{"start":{"line":74,"column":10},"end":{"line":74,"column":14}},{"start":{"line":74,"column":18},"end":{"line":74,"column":31}}],"line":74}},"s":{"0":8,"1":0,"2":0,"3":0,"4":0,"5":0,"6":0,"7":0,"8":0,"9":0,"10":0,"11":0,"12":0,"13":0,"14":0,"15":0,"16":0,"17":0,"18":0,"19":0,"20":0,"21":0,"22":0,"23":0,"24":0,"25":0,"26":8,"27":0,"28":0,"29":0,"30":0,"31":0,"32":0,"33":0,"34":0,"35":0,"36":0},"f":{"0":0,"1":0},"b":{"0":[0,0],"1":[0,0],"2":[0,0],"3":[0,0],"4":[0,0],"5":[0,0],"6":[0,0],"7":[0,0],"8":[0,0],"9":[0,0],"10":[0,0],"11":[0,0]},"_coverageSchema":"1a1c01bbd47fc00a2c39e90264f33305004495a9","hash":"6505fe77365cca58252f7f191c085505ace38b27"}
,"/workspaces/garka/backend/middleware/errorMiddleware.js": {"path":"/workspaces/garka/backend/middleware/errorMiddleware.js","statementMap":{"0":{"start":{"line":2,"column":2},"end":{"line":2,"column":21}},"1":{"start":{"line":3,"column":2},"end":{"line":6,"column":5}}},"fnMap":{"0":{"name":"errorHandler","decl":{"start":{"line":1,"column":24},"end":{"line":1,"column":36}},"loc":{"start":{"line":1,"column":58},"end":{"line":7,"column":1}},"line":1}},"branchMap":{"0":{"loc":{"start":{"line":5,"column":13},"end":{"line":5,"column":51}},"type":"binary-expr","locations":[{"start":{"line":5,"column":13},"end":{"line":5,"column":24}},{"start":{"line":5,"column":28},"end":{"line":5,"column":51}}],"line":5}},"s":{"0":0,"1":0},"f":{"0":0},"b":{"0":[0,0]},"_coverageSchema":"1a1c01bbd47fc00a2c39e90264f33305004495a9","hash":"a34da8ec0531863310ac52a2a4cb6c352329bec8"}
,"/workspaces/garka/backend/middleware/rateLimiter.js": {"path":"/workspaces/garka/backend/middleware/rateLimiter.js","statementMap":{"0":{"start":{"line":3,"column":27},"end":{"line":8,"column":2}},"1":{"start":{"line":10,"column":30},"end":{"line":15,"column":2}}},"fnMap":{},"branchMap":{},"s":{"0":8,"1":8},"f":{},"b":{},"_coverageSchema":"1a1c01bbd47fc00a2c39e90264f33305004495a9","hash":"9af27606cc04483382462c9ae1fa8c36973cbb82"}
,"/workspaces/garka/backend/middleware/roleMiddleware.js": {"path":"/workspaces/garka/backend/middleware/roleMiddleware.js","statementMap":{"0":{"start":{"line":5,"column":27},"end":{"line":19,"column":1}},"1":{"start":{"line":6,"column":2},"end":{"line":18,"column":4}},"2":{"start":{"line":7,"column":4},"end":{"line":10,"column":5}},"3":{"start":{"line":8,"column":6},"end":{"line":8,"column":59}},"4":{"start":{"line":9,"column":6},"end":{"line":9,"column":58}},"5":{"start":{"line":12,"column":4},"end":{"line":15,"column":5}},"6":{"start":{"line":13,"column":6},"end":{"line":13,"column":82}},"7":{"start":{"line":14,"column":6},"end":{"line":14,"column":71}},"8":{"start":{"line":17,"column":4},"end":{"line":17,"column":11}},"9":{"start":{"line":22,"column":30},"end":{"line":35,"column":1}},"10":{"start":{"line":23,"column":2},"end":{"line":34,"column":4}},"11":{"start":{"line":24,"column":4},"end":{"line":26,"column":5}},"12":{"start":{"line":25,"column":6},"end":{"line":25,"column":58}},"13":{"start":{"line":28,"column":4},"end":{"line":31,"column":5}},"14":{"start":{"line":29,"column":6},"end":{"line":29,"column":93}},"15":{"start":{"line":30,"column":6},"end":{"line":30,"column":74}},"16":{"start":{"line":33,"column":4},"end":{"line":33,"column":11}},"17":{"start":{"line":38,"column":28},"end":{"line":38,"column":48}},"18":{"start":{"line":41,"column":28},"end":{"line":41,"column":48}},"19":{"start":{"line":44,"column":36},"end":{"line":44,"column":65}},"20":{"start":{"line":47,"column":27},"end":{"line":47,"column":46}},"21":{"start":{"line":50,"column":35},"end":{"line":50,"column":69}},"22":{"start":{"line":53,"column":43},"end":{"line":53,"column":86}}},"fnMap":{"0":{"name":"(anonymous_0)","decl":{"start":{"line":5,"column":27},"end":{"line":5,"column":28}},"loc":{"start":{"line":5,"column":37},"end":{"line":19,"column":1}},"line":5},"1":{"name":"(anonymous_1)","decl":{"start":{"line":6,"column":9},"end":{"line":6,"column":10}},"loc":{"start":{"line":6,"column":29},"end":{"line":18,"column":3}},"line":6},"2":{"name":"(anonymous_2)","decl":{"start":{"line":22,"column":30},"end":{"line":22,"column":31}},"loc":{"start":{"line":22,"column":41},"end":{"line":35,"column":1}},"line":22},"3":{"name":"(anonymous_3)","decl":{"start":{"line":23,"column":9},"end":{"line":23,"column":10}},"loc":{"start":{"line":23,"column":29},"end":{"line":34,"column":3}},"line":23}},"branchMap":{"0":{"loc":{"start":{"line":7,"column":4},"end":{"line":10,"column":5}},"type":"if","locations":[{"start":{"line":7,"column":4},"end":{"line":10,"column":5}},{"start":{},"end":{}}],"line":7},"1":{"loc":{"start":{"line":12,"column":4},"end":{"line":15,"column":5}},"type":"if","locations":[{"start":{"line":12,"column":4},"end":{"line":15,"column":5}},{"start":{},"end":{}}],"line":12},"2":{"loc":{"start":{"line":24,"column":4},"end":{"line":26,"column":5}},"type":"if","locations":[{"start":{"line":24,"column":4},"end":{"line":26,"column":5}},{"start":{},"end":{}}],"line":24},"3":{"loc":{"start":{"line":28,"column":4},"end":{"line":31,"column":5}},"type":"if","locations":[{"start":{"line":28,"column":4},"end":{"line":31,"column":5}},{"start":{},"end":{}}],"line":28}},"s":{"0":8,"1":32,"2":0,"3":0,"4":0,"5":0,"6":0,"7":0,"8":0,"9":8,"10":24,"11":0,"12":0,"13":0,"14":0,"15":0,"16":0,"17":8,"18":8,"19":8,"20":8,"21":8,"22":8},"f":{"0":32,"1":0,"2":24,"3":0},"b":{"0":[0,0],"1":[0,0],"2":[0,0],"3":[0,0]},"_coverageSchema":"1a1c01bbd47fc00a2c39e90264f33305004495a9","hash":"950527537e82534a5f46257f79b250b477e0d415"}
,"/workspaces/garka/backend/middleware/uploadMiddleware.js": {"path":"/workspaces/garka/backend/middleware/uploadMiddleware.js","statementMap":{"0":{"start":{"line":3,"column":16},"end":{"line":3,"column":38}},"1":{"start":{"line":5,"column":15},"end":{"line":7,"column":2}}},"fnMap":{},"branchMap":{},"s":{"0":8,"1":8},"f":{},"b":{},"_coverageSchema":"1a1c01bbd47fc00a2c39e90264f33305004495a9","hash":"6d607cf6243408c0a1946ee43bbcc5a939a5fa20"}
,"/workspaces/garka/backend/models/Agent.js": {"path":"/workspaces/garka/backend/models/Agent.js","statementMap":{"0":{"start":{"line":3,"column":20},"end":{"line":33,"column":1}}},"fnMap":{},"branchMap":{},"s":{"0":8},"f":{},"b":{},"_coverageSchema":"1a1c01bbd47fc00a2c39e90264f33305004495a9","hash":"2e700bf033cad54d5b8c48e21115fc841da97037"}
,"/workspaces/garka/backend/models/CommissionConfig.js": {"path":"/workspaces/garka/backend/models/CommissionConfig.js","statementMap":{"0":{"start":{"line":3,"column":31},"end":{"line":60,"column":2}},"1":{"start":{"line":63,"column":0},"end":{"line":65,"column":2}},"2":{"start":{"line":64,"column":2},"end":{"line":64,"column":76}},"3":{"start":{"line":68,"column":0},"end":{"line":82,"column":2}},"4":{"start":{"line":69,"column":22},"end":{"line":69,"column":67}},"5":{"start":{"line":70,"column":19},"end":{"line":70,"column":61}},"6":{"start":{"line":71,"column":19},"end":{"line":71,"column":61}},"7":{"start":{"line":72,"column":27},"end":{"line":72,"column":77}},"8":{"start":{"line":74,"column":2},"end":{"line":81,"column":4}}},"fnMap":{"0":{"name":"(anonymous_0)","decl":{"start":{"line":63,"column":49},"end":{"line":63,"column":50}},"loc":{"start":{"line":63,"column":66},"end":{"line":65,"column":1}},"line":63},"1":{"name":"(anonymous_1)","decl":{"start":{"line":68,"column":54},"end":{"line":68,"column":55}},"loc":{"start":{"line":68,"column":76},"end":{"line":82,"column":1}},"line":68}},"branchMap":{},"s":{"0":9,"1":9,"2":0,"3":9,"4":0,"5":0,"6":0,"7":0,"8":0},"f":{"0":0,"1":0},"b":{},"_coverageSchema":"1a1c01bbd47fc00a2c39e90264f33305004495a9","hash":"1324ae92e7c9dfe9510790e6aecf2fcedb321c95"}
,"/workspaces/garka/backend/models/DealInitiator.js": {"path":"/workspaces/garka/backend/models/DealInitiator.js","statementMap":{"0":{"start":{"line":3,"column":28},"end":{"line":26,"column":1}}},"fnMap":{},"branchMap":{},"s":{"0":8},"f":{},"b":{},"_coverageSchema":"1a1c01bbd47fc00a2c39e90264f33305004495a9","hash":"87060d41106972a5cc9c3e1dc8a0d04a09ba5bd1"}
,"/workspaces/garka/backend/models/LandProperty.js": {"path":"/workspaces/garka/backend/models/LandProperty.js","statementMap":{"0":{"start":{"line":3,"column":27},"end":{"line":47,"column":1}}},"fnMap":{},"branchMap":{},"s":{"0":8},"f":{},"b":{},"_coverageSchema":"1a1c01bbd47fc00a2c39e90264f33305004495a9","hash":"07bb911a5d4ccf9e0d65e31263da570196331f8e"}
,"/workspaces/garka/backend/models/Notification.js": {"path":"/workspaces/garka/backend/models/Notification.js","statementMap":{"0":{"start":{"line":3,"column":27},"end":{"line":20,"column":1}}},"fnMap":{},"branchMap":{},"s":{"0":8},"f":{},"b":{},"_coverageSchema":"1a1c01bbd47fc00a2c39e90264f33305004495a9","hash":"26851d4a7784bfb518e3a6fcf6cf6132de8cc8bf"}
,"/workspaces/garka/backend/models/Transaction.js": {"path":"/workspaces/garka/backend/models/Transaction.js","statementMap":{"0":{"start":{"line":3,"column":26},"end":{"line":16,"column":1}}},"fnMap":{},"branchMap":{},"s":{"0":9},"f":{},"b":{},"_coverageSchema":"1a1c01bbd47fc00a2c39e90264f33305004495a9","hash":"8f97d68e973692843542a7a62c22450297b3ab0d"}
,"/workspaces/garka/backend/models/User.js": {"path":"/workspaces/garka/backend/models/User.js","statementMap":{"0":{"start":{"line":3,"column":19},"end":{"line":70,"column":1}}},"fnMap":{},"branchMap":{},"s":{"0":8},"f":{},"b":{},"_coverageSchema":"1a1c01bbd47fc00a2c39e90264f33305004495a9","hash":"4b629e907c491b4a8f958d655b6f82d4bd3bd275"}
,"/workspaces/garka/backend/models/VerificationRequest.js": {"path":"/workspaces/garka/backend/models/VerificationRequest.js","statementMap":{"0":{"start":{"line":3,"column":34},"end":{"line":69,"column":1}}},"fnMap":{},"branchMap":{},"s":{"0":9},"f":{},"b":{},"_coverageSchema":"1a1c01bbd47fc00a2c39e90264f33305004495a9","hash":"4e0e712977bc7946d87bd37cd0d636bb4d1c3f3a"}
,"/workspaces/garka/backend/routes/adminRoutes.js": {"path":"/workspaces/garka/backend/routes/adminRoutes.js","statementMap":{"0":{"start":{"line":5,"column":15},"end":{"line":5,"column":31}},"1":{"start":{"line":7,"column":0},"end":{"line":7,"column":75}},"2":{"start":{"line":8,"column":0},"end":{"line":8,"column":67}},"3":{"start":{"line":9,"column":0},"end":{"line":17,"column":3}},"4":{"start":{"line":10,"column":2},"end":{"line":16,"column":3}},"5":{"start":{"line":11,"column":24},"end":{"line":11,"column":74}},"6":{"start":{"line":12,"column":20},"end":{"line":12,"column":73}},"7":{"start":{"line":13,"column":4},"end":{"line":13,"column":60}},"8":{"start":{"line":15,"column":4},"end":{"line":15,"column":74}},"9":{"start":{"line":19,"column":0},"end":{"line":19,"column":54}}},"fnMap":{"0":{"name":"(anonymous_0)","decl":{"start":{"line":9,"column":37},"end":{"line":9,"column":38}},"loc":{"start":{"line":9,"column":57},"end":{"line":17,"column":1}},"line":9}},"branchMap":{},"s":{"0":8,"1":8,"2":8,"3":8,"4":0,"5":0,"6":0,"7":0,"8":0,"9":8},"f":{"0":0},"b":{},"_coverageSchema":"1a1c01bbd47fc00a2c39e90264f33305004495a9","hash":"a12cf11ebdc0d0c6098f3726d2a4b3d1c6212e5f"}
,"/workspaces/garka/backend/routes/agentRoutes.js": {"path":"/workspaces/garka/backend/routes/agentRoutes.js","statementMap":{"0":{"start":{"line":7,"column":15},"end":{"line":7,"column":31}},"1":{"start":{"line":9,"column":0},"end":{"line":15,"column":2}}},"fnMap":{},"branchMap":{},"s":{"0":8,"1":8},"f":{},"b":{},"_coverageSchema":"1a1c01bbd47fc00a2c39e90264f33305004495a9","hash":"fcc524ca0be1b26e1ec7c7980f900bb915794610"}
,"/workspaces/garka/backend/routes/authRoutes.js": {"path":"/workspaces/garka/backend/routes/authRoutes.js","statementMap":{"0":{"start":{"line":6,"column":15},"end":{"line":6,"column":31}},"1":{"start":{"line":8,"column":0},"end":{"line":8,"column":39}},"2":{"start":{"line":11,"column":0},"end":{"line":11,"column":46}},"3":{"start":{"line":14,"column":0},"end":{"line":14,"column":61}},"4":{"start":{"line":16,"column":0},"end":{"line":16,"column":41}},"5":{"start":{"line":18,"column":0},"end":{"line":18,"column":39}},"6":{"start":{"line":19,"column":0},"end":{"line":19,"column":42}},"7":{"start":{"line":20,"column":0},"end":{"line":20,"column":57}},"8":{"start":{"line":21,"column":0},"end":{"line":21,"column":40}}},"fnMap":{},"branchMap":{},"s":{"0":8,"1":8,"2":8,"3":8,"4":8,"5":8,"6":8,"7":8,"8":8},"f":{},"b":{},"_coverageSchema":"1a1c01bbd47fc00a2c39e90264f33305004495a9","hash":"f3465cc6cdf56a3d9ba6fb36208676ece37b9f5c"}
,"/workspaces/garka/backend/routes/dealInitiatorRoutes.js": {"path":"/workspaces/garka/backend/routes/dealInitiatorRoutes.js","statementMap":{"0":{"start":{"line":6,"column":15},"end":{"line":6,"column":23}},"1":{"start":{"line":9,"column":0},"end":{"line":9,"column":103}}},"fnMap":{},"branchMap":{},"s":{"0":8,"1":8},"f":{},"b":{},"_coverageSchema":"1a1c01bbd47fc00a2c39e90264f33305004495a9","hash":"bd7c23d987a4dacf7d6c3fcec797225d348f2a3a"}
[...]
art":{"line":87,"column":31},"end":{"line":87,"column":44}},"43":{"start":{"line":88,"column":4},"end":{"line":88,"column":40}},"44":{"start":{"line":90,"column":4},"end":{"line":90,"column":72}},"45":{"start":{"line":91,"column":4},"end":{"line":91,"column":17}}},"fnMap":{"0":{"name":"(anonymous_0)","decl":{"start":{"line":8,"column":22},"end":{"line":8,"column":23}},"loc":{"start":{"line":8,"column":28},"end":{"line":12,"column":1}},"line":8},"1":{"name":"(anonymous_1)","decl":{"start":{"line":14,"column":37},"end":{"line":14,"column":38}},"loc":{"start":{"line":14,"column":119},"end":{"line":49,"column":1}},"line":14},"2":{"name":"(anonymous_2)","decl":{"start":{"line":51,"column":33},"end":{"line":51,"column":34}},"loc":{"start":{"line":51,"column":61},"end":{"line":64,"column":1}},"line":51},"3":{"name":"(anonymous_3)","decl":{"start":{"line":66,"column":38},"end":{"line":66,"column":39}},"loc":{"start":{"line":66,"column":44},"end":{"line":68,"column":1}},"line":66},"4":{"name":"(anonymous_4)","decl":{"start":{"line":70,"column":38},"end":{"line":70,"column":39}},"loc":{"start":{"line":70,"column":68},"end":{"line":93,"column":1}},"line":70}},"branchMap":{"0":{"loc":{"start":{"line":6,"column":17},"end":{"line":6,"column":95}},"type":"cond-expr","locations":[{"start":{"line":6,"column":39},"end":{"line":6,"column":67}},{"start":{"line":6,"column":70},"end":{"line":6,"column":95}}],"line":6},"1":{"loc":{"start":{"line":9,"column":2},"end":{"line":9,"column":67}},"type":"if","locations":[{"start":{"line":9,"column":2},"end":{"line":9,"column":67}},{"start":{},"end":{}}],"line":9},"2":{"loc":{"start":{"line":9,"column":6},"end":{"line":9,"column":53}},"type":"binary-expr","locations":[{"start":{"line":9,"column":6},"end":{"line":9,"column":26}},{"start":{"line":9,"column":30},"end":{"line":9,"column":53}}],"line":9},"3":{"loc":{"start":{"line":26,"column":4},"end":{"line":32,"column":5}},"type":"if","locations":[{"start":{"line":26,"column":4},"end":{"line":32,"column":5}},{"start":{},"end":{}}],"line":26},"4":{"loc":{"start":{"line":54,"column":4},"end":{"line":54,"column":44}},"type":"if","locations":[{"start":{"line":54,"column":4},"end":{"line":54,"column":44}},{"start":{},"end":{}}],"line":54},"5":{"loc":{"start":{"line":72,"column":19},"end":{"line":72,"column":71}},"type":"binary-expr","locations":[{"start":{"line":72,"column":19},"end":{"line":72,"column":45}},{"start":{"line":72,"column":49},"end":{"line":72,"column":71}}],"line":72},"6":{"loc":{"start":{"line":73,"column":17},"end":{"line":73,"column":53}},"type":"binary-expr","locations":[{"start":{"line":73,"column":17},"end":{"line":73,"column":41}},{"start":{"line":73,"column":45},"end":{"line":73,"column":53}}],"line":73},"7":{"loc":{"start":{"line":75,"column":4},"end":{"line":78,"column":5}},"type":"if","locations":[{"start":{"line":75,"column":4},"end":{"line":78,"column":5}},{"start":{},"end":{}}],"line":75},"8":{"loc":{"start":{"line":80,"column":20},"end":{"line":80,"column":133}},"type":"cond-expr","locations":[{"start":{"line":80,"column":47},"end":{"line":80,"column":54}},{"start":{"line":80,"column":57},"end":{"line":80,"column":133}}],"line":80},"9":{"loc":{"start":{"line":80,"column":69},"end":{"line":80,"column":132}},"type":"cond-expr","locations":[{"start":{"line":80,"column":99},"end":{"line":80,"column":106}},{"start":{"line":80,"column":109},"end":{"line":80,"column":132}}],"line":80},"10":{"loc":{"start":{"line":85,"column":27},"end":{"line":85,"column":48}},"type":"binary-expr","locations":[{"start":{"line":85,"column":27},"end":{"line":85,"column":42}},{"start":{"line":85,"column":46},"end":{"line":85,"column":48}}],"line":85},"11":{"loc":{"start":{"line":87,"column":4},"end":{"line":87,"column":44}},"type":"if","locations":[{"start":{"line":87,"column":4},"end":{"line":87,"column":44}},{"start":{},"end":{}}],"line":87}},"s":{"0":8,"1":8,"2":0,"3":0,"4":0,"5":0,"6":8,"7":0,"8":0,"9":0,"10":0,"11":0,"12":0,"13":0,"14":0,"15":0,"16":0,"17":0,"18":8,"19":0,"20":0,"21":0,"22":0,"23":0,"24":0,"25":0,"26":0,"27":0,"28":8,"29":0,"30":8,"31":0,"32":0,"33":0,"34":0,"35":0,"36":0,"37":0,"38":0,"39":0,"40":0,"41":0,"42":0,"43":0,"44":0,"45":0},"f":{"0":0,"1":0,"2":0,"3":0,"4":0},"b":{"0":[0,8],"1":[0,0],"2":[0,0],"3":[0,0],"4":[0,0],"5":[0,0],"6":[0,0],"7":[0,0],"8":[0,0],"9":[0,0],"10":[0,0],"11":[0,0]},"_coverageSchema":"1a1c01bbd47fc00a2c39e90264f33305004495a9","hash":"97ad61af297a0b45dcb1ed3a3e068f34b3b14d68"}
,"/workspaces/garka/backend/services/notification.js": {"path":"/workspaces/garka/backend/services/notification.js","statementMap":{"0":{"start":{"line":4,"column":34},"end":{"line":10,"column":1}},"1":{"start":{"line":5,"column":2},"end":{"line":9,"column":5}},"2":{"start":{"line":12,"column":28},"end":{"line":16,"column":1}},"3":{"start":{"line":13,"column":17},"end":{"line":13,"column":65}},"4":{"start":{"line":14,"column":24},"end":{"line":14,"column":74}},"5":{"start":{"line":14,"column":41},"end":{"line":14,"column":72}},"6":{"start":{"line":15,"column":2},"end":{"line":15,"column":54}}},"fnMap":{"0":{"name":"(anonymous_0)","decl":{"start":{"line":4,"column":34},"end":{"line":4,"column":35}},"loc":{"start":{"line":4,"column":70},"end":{"line":10,"column":1}},"line":4},"1":{"name":"(anonymous_1)","decl":{"start":{"line":12,"column":28},"end":{"line":12,"column":29}},"loc":{"start":{"line":12,"column":70},"end":{"line":16,"column":1}},"line":12},"2":{"name":"(anonymous_2)","decl":{"start":{"line":14,"column":35},"end":{"line":14,"column":36}},"loc":{"start":{"line":14,"column":41},"end":{"line":14,"column":72}},"line":14}},"branchMap":{},"s":{"0":8,"1":0,"2":8,"3":0,"4":0,"5":0,"6":0},"f":{"0":0,"1":0,"2":0},"b":{},"_coverageSchema":"1a1c01bbd47fc00a2c39e90264f33305004495a9","hash":"ed41bf7a027baf49a9838adfd570e4a0820268d0"}
,"/workspaces/garka/backend/services/payment.js": {"path":"/workspaces/garka/backend/services/payment.js","statementMap":{"0":{"start":{"line":7,"column":15},"end":{"line":7,"column":48}},"1":{"start":{"line":9,"column":35},"end":{"line":31,"column":1}},"2":{"start":{"line":10,"column":2},"end":{"line":30,"column":3}},"3":{"start":{"line":11,"column":26},"end":{"line":18,"column":6}},"4":{"start":{"line":20,"column":4},"end":{"line":26,"column":6}},"5":{"start":{"line":28,"column":4},"end":{"line":28,"column":66}},"6":{"start":{"line":29,"column":4},"end":{"line":29,"column":16}},"7":{"start":{"line":33,"column":35},"end":{"line":63,"column":1}},"8":{"start":{"line":34,"column":2},"end":{"line":62,"column":3}},"9":{"start":{"line":35,"column":18},"end":{"line":39,"column":5}},"10":{"start":{"line":41,"column":4},"end":{"line":56,"column":5}},"11":{"start":{"line":43,"column":8},"end":{"line":43,"column":54}},"12":{"start":{"line":44,"column":8},"end":{"line":44,"column":14}},"13":{"start":{"line":47,"column":8},"end":{"line":47,"column":54}},"14":{"start":{"line":48,"column":8},"end":{"line":48,"column":14}},"15":{"start":{"line":51,"column":8},"end":{"line":51,"column":46}},"16":{"start":{"line":52,"column":8},"end":{"line":52,"column":14}},"17":{"start":{"line":55,"column":8},"end":{"line":55,"column":59}},"18":{"start":{"line":58,"column":4},"end":{"line":58,"column":48}},"19":{"start":{"line":60,"column":4},"end":{"line":60,"column":52}},"20":{"start":{"line":61,"column":4},"end":{"line":61,"column":16}},"21":{"start":{"line":66,"column":29},"end":{"line":66,"column":51}},"22":{"start":{"line":68,"column":2},"end":{"line":71,"column":3}},"23":{"start":{"line":69,"column":4},"end":{"line":69,"column":71}},"24":{"start":{"line":70,"column":4},"end":{"line":70,"column":11}},"25":{"start":{"line":74,"column":23},"end":{"line":74,"column":73}},"26":{"start":{"line":75,"column":2},"end":{"line":97,"column":3}},"27":{"start":{"line":76,"column":4},"end":{"line":76,"column":40}},"28":{"start":{"line":77,"column":4},"end":{"line":77,"column":52}},"29":{"start":{"line":78,"column":4},"end":{"line":78,"column":37}},"30":{"start":{"line":79,"column":4},"end":{"line":79,"column":30}},"31":{"start":{"line":82,"column":4},"end":{"line":94,"column":7}},"32":{"start":{"line":96,"column":4},"end":{"line":96,"column":73}},"33":{"start":{"line":101,"column":29},"end":{"line":101,"column":51}},"34":{"start":{"line":103,"column":2},"end":{"line":111,"column":3}},"35":{"start":{"line":104,"column":25},"end":{"line":104,"column":75}},"36":{"start":{"line":105,"column":4},"end":{"line":110,"column":5}},"37":{"start":{"line":106,"column":6},"end":{"line":106,"column":44}},"38":{"start":{"line":107,"column":6},"end":{"line":107,"column":32}},"39":{"start":{"line":109,"column":6},"end":{"line":109,"column":71}},"40":{"start":{"line":116,"column":2},"end":{"line":116,"column":58}}},"fnMap":{"0":{"name":"(anonymous_0)","decl":{"start":{"line":9,"column":35},"end":{"line":9,"column":36}},"loc":{"start":{"line":9,"column":86},"end":{"line":31,"column":1}},"line":9},"1":{"name":"(anonymous_1)","decl":{"start":{"line":33,"column":35},"end":{"line":33,"column":36}},"loc":{"start":{"line":33,"column":65},"end":{"line":63,"column":1}},"line":33},"2":{"name":"handlePaymentSuccess","decl":{"start":{"line":65,"column":15},"end":{"line":65,"column":35}},"loc":{"start":{"line":65,"column":51},"end":{"line":98,"column":1}},"line":65},"3":{"name":"handlePaymentFailure","decl":{"start":{"line":100,"column":15},"end":{"line":100,"column":35}},"loc":{"start":{"line":100,"column":51},"end":{"line":112,"column":1}},"line":100},"4":{"name":"handleRefund","decl":{"start":{"line":114,"column":15},"end":{"line":114,"column":27}},"loc":{"start":{"line":114,"column":36},"end":{"line":117,"column":1}},"line":114}},"branchMap":{"0":{"loc":{"start":{"line":9,"column":50},"end":{"line":9,"column":66}},"type":"default-arg","locations":[{"start":{"line":9,"column":61},"end":{"line":9,"column":66}}],"line":9},"1":{"loc":{"start":{"line":9,"column":68},"end":{"line":9,"column":81}},"type":"default-arg","locations":[{"start":{"line":9,"column":79},"end":{"line":9,"column":81}}],"line":9},"2":{"loc":{"start":{"line":41,"column":4},"end":{"line":56,"column":5}},"type":"switch","locations":[{"start":{"line":42,"column":6},"end":{"line":44,"column":14}},{"start":{"line":46,"column":6},"end":{"line":48,"column":14}},{"start":{"line":50,"column":6},"end":{"line":52,"column":14}},{"start":{"line":54,"column":6},"end":{"line":55,"column":59}}],"line":41},"3":{"loc":{"start":{"line":68,"column":2},"end":{"line":71,"column":3}},"type":"if","locations":[{"start":{"line":68,"column":2},"end":{"line":71,"column":3}},{"start":{},"end":{}}],"line":68},"4":{"loc":{"start":{"line":75,"column":2},"end":{"line":97,"column":3}},"type":"if","locations":[{"start":{"line":75,"column":2},"end":{"line":97,"column":3}},{"start":{},"end":{}}],"line":75},"5":{"loc":{"start":{"line":103,"column":2},"end":{"line":111,"column":3}},"type":"if","locations":[{"start":{"line":103,"column":2},"end":{"line":111,"column":3}},{"start":{},"end":{}}],"line":103},"6":{"loc":{"start":{"line":105,"column":4},"end":{"line":110,"column":5}},"type":"if","locations":[{"start":{"line":105,"column":4},"end":{"line":110,"column":5}},{"start":{},"end":{}}],"line":105}},"s":{"0":8,"1":8,"2":0,"3":0,"4":0,"5":0,"6":0,"7":8,"8":0,"9":0,"10":0,"11":0,"12":0,"13":0,"14":0,"15":0,"16":0,"17":0,"18":0,"19":0,"20":0,"21":0,"22":0,"23":0,"24":0,"25":0,"26":0,"27":0,"28":0,"29":0,"30":0,"31":0,"32":0,"33":0,"34":0,"35":0,"36":0,"37":0,"38":0,"39":0,"40":0},"f":{"0":0,"1":0,"2":0,"3":0,"4":0},"b":{"0":[0],"1":[0],"2":[0,0,0,0],"3":[0,0],"4":[0,0],"5":[0,0],"6":[0,0]},"_coverageSchema":"1a1c01bbd47fc00a2c39e90264f33305004495a9","hash":"fbb1e176f86d7e458ba432ce9d299b98be5ec66d"}
,"/workspaces/garka/backend/services/verification.js": {"path":"/workspaces/garka/backend/services/verification.js","statementMap":{"0":{"start":{"line":5,"column":35},"end":{"line":15,"column":1}},"1":{"start":{"line":7,"column":14},"end":{"line":13,"column":3}},"2":{"start":{"line":14,"column":2},"end":{"line":14,"column":47}},"3":{"start":{"line":17,"column":35},"end":{"line":55,"column":1}},"4":{"start":{"line":18,"column":23},"end":{"line":18,"column":61}},"5":{"start":{"line":19,"column":2},"end":{"line":19,"column":71}},"6":{"start":{"line":19,"column":21},"end":{"line":19,"column":71}},"7":{"start":{"line":21,"column":2},"end":{"line":21,"column":37}},"8":{"start":{"line":22,"column":2},"end":{"line":22,"column":36}},"9":{"start":{"line":23,"column":2},"end":{"line":23,"column":39}},"10":{"start":{"line":26,"column":2},"end":{"line":51,"column":3}},"11":{"start":{"line":27,"column":4},"end":{"line":27,"column":45}},"12":{"start":{"line":28,"column":4},"end":{"line":28,"column":42}},"13":{"start":{"line":29,"column":4},"end":{"line":29,"column":30}},"14":{"start":{"line":31,"column":4},"end":{"line":50,"column":5}},"15":{"start":{"line":32,"column":21},"end":{"line":32,"column":79}},"16":{"start":{"line":35,"column":18},"end":{"line":35,"column":60}},"17":{"start":{"line":36,"column":6},"end":{"line":43,"column":7}},"18":{"start":{"line":37,"column":28},"end":{"line":37,"column":88}},"19":{"start":{"line":37,"column":74},"end":{"line":37,"column":87}},"20":{"start":{"line":38,"column":8},"end":{"line":40,"column":9}},"21":{"start":{"line":39,"column":21},"end":{"line":39,"column":93}},"22":{"start":{"line":41,"column":8},"end":{"line":41,"column":47}},"23":{"start":{"line":42,"column":8},"end":{"line":42,"column":34}},"24":{"start":{"line":45,"column":6},"end":{"line":45,"column":50}},"25":{"start":{"line":47,"column":6},"end":{"line":47,"column":69}},"26":{"start":{"line":49,"column":6},"end":{"line":49,"column":60}},"27":{"start":{"line":53,"column":2},"end":{"line":53,"column":28}},"28":{"start":{"line":54,"column":2},"end":{"line":54,"column":26}}},"fnMap":{"0":{"name":"(anonymous_0)","decl":{"start":{"line":5,"column":35},"end":{"line":5,"column":36}},"loc":{"start":{"line":5,"column":54},"end":{"line":15,"column":1}},"line":5},"1":{"name":"(anonymous_1)","decl":{"start":{"line":17,"column":35},"end":{"line":17,"column":36}},"loc":{"start":{"line":17,"column":60},"end":{"line":55,"column":1}},"line":17},"2":{"name":"(anonymous_2)","decl":{"start":{"line":37,"column":68},"end":{"line":37,"column":69}},"loc":{"start":{"line":37,"column":74},"end":{"line":37,"column":87}},"line":37}},"branchMap":{"0":{"loc":{"start":{"line":8,"column":16},"end":{"line":8,"column":54}},"type":"binary-expr","locations":[{"start":{"line":8,"column":16},"end":{"line":8,"column":34}},{"start":{"line":8,"column":38},"end":{"line":8,"column":54}}],"line":8},"1":{"loc":{"start":{"line":9,"column":13},"end":{"line":9,"column":45}},"type":"binary-expr","locations":[{"start":{"line":9,"column":13},"end":{"line":9,"column":28}},{"start":{"line":9,"column":32},"end":{"line":9,"column":45}}],"line":9},"2":{"loc":{"start":{"line":10,"column":13},"end":{"line":10,"column":45}},"type":"binary-expr","locations":[{"start":{"line":10,"column":13},"end":{"line":10,"column":28}},{"start":{"line":10,"column":32},"end":{"line":10,"column":45}}],"line":10},"3":{"loc":{"start":{"line":11,"column":21},"end":{"line":11,"column":76}},"type":"binary-expr","locations":[{"start":{"line":11,"column":21},"end":{"line":11,"column":44}},{"start":{"line":11,"column":48},"end":{"line":11,"column":71}},{"start":{"line":11,"column":75},"end":{"line":11,"column":76}}],"line":11},"4":{"loc":{"start":{"line":12,"column":19},"end":{"line":12,"column":85}},"type":"cond-expr","locations":[{"start":{"line":12,"column":57},"end":{"line":12,"column":61}},{"start":{"line":12,"column":64},"end":{"line":12,"column":85}}],"line":12},"5":{"loc":{"start":{"line":19,"column":2},"end":{"line":19,"column":71}},"type":"if","locations":[{"start":{"line":19,"column":2},"end":{"line":19,"column":71}},{"start":{},"end":{}}],"line":19},"6":{"loc":{"start":{"line":26,"column":2},"end":{"line":51,"column":3}},"type":"if","locations":[{"start":{"line":26,"column":2},"end":{"line":51,"column":3}},{"start":{},"end":{}}],"line":26},"7":{"loc":{"start":{"line":26,"column":6},"end":{"line":26,"column":109}},"type":"binary-expr","locations":[{"start":{"line":26,"column":6},"end":{"line":26,"column":43}},{"start":{"line":26,"column":47},"end":{"line":26,"column":69}},{"start":{"line":26,"column":73},"end":{"line":26,"column":109}}],"line":26},"8":{"loc":{"start":{"line":36,"column":6},"end":{"line":43,"column":7}},"type":"if","locations":[{"start":{"line":36,"column":6},"end":{"line":43,"column":7}},{"start":{},"end":{}}],"line":36},"9":{"loc":{"start":{"line":37,"column":29},"end":{"line":37,"column":54}},"type":"binary-expr","locations":[{"start":{"line":37,"column":29},"end":{"line":37,"column":48}},{"start":{"line":37,"column":52},"end":{"line":37,"column":54}}],"line":37}},"s":{"0":8,"1":0,"2":0,"3":8,"4":0,"5":0,"6":0,"7":0,"8":0,"9":0,"10":0,"11":0,"12":0,"13":0,"14":0,"15":0,"16":0,"17":0,"18":0,"19":0,"20":0,"21":0,"22":0,"23":0,"24":0,"25":0,"26":0,"27":0,"28":0},"f":{"0":0,"1":0,"2":0},"b":{"0":[0,0],"1":[0,0],"2":[0,0],"3":[0,0,0],"4":[0,0],"5":[0,0],"6":[0,0],"7":[0,0,0],"8":[0,0],"9":[0,0]},"_coverageSchema":"1a1c01bbd47fc00a2c39e90264f33305004495a9","hash":"24b987aba36f449d1384cf532fab69725eec7afd"}
,"/workspaces/garka/backend/utils/logger.js": {"path":"/workspaces/garka/backend/utils/logger.js","statementMap":{"0":{"start":{"line":1,"column":22},"end":{"line":5,"column":1}},"1":{"start":{"line":2,"column":17},"end":{"line":2,"column":75}},"2":{"start":{"line":3,"column":17},"end":{"line":3,"column":76}},"3":{"start":{"line":4,"column":18},"end":{"line":4,"column":79}}},"fnMap":{"0":{"name":"(anonymous_0)","decl":{"start":{"line":2,"column":8},"end":{"line":2,"column":9}},"loc":{"start":{"line":2,"column":17},"end":{"line":2,"column":75}},"line":2},"1":{"name":"(anonymous_1)","decl":{"start":{"line":3,"column":8},"end":{"line":3,"column":9}},"loc":{"start":{"line":3,"column":17},"end":{"line":3,"column":76}},"line":3},"2":{"name":"(anonymous_2)","decl":{"start":{"line":4,"column":9},"end":{"line":4,"column":10}},"loc":{"start":{"line":4,"column":18},"end":{"line":4,"column":79}},"line":4}},"branchMap":{},"s":{"0":9,"1":0,"2":0,"3":0},"f":{"0":0,"1":0,"2":0},"b":{},"_coverageSchema":"1a1c01bbd47fc00a2c39e90264f33305004495a9","hash":"8dfc4889ea3b651debf8c567091cd33aba54a566"}
,"/workspaces/garka/backend/utils/response.js": {"path":"/workspaces/garka/backend/utils/response.js","statementMap":{"0":{"start":{"line":1,"column":23},"end":{"line":7,"column":1}},"1":{"start":{"line":2,"column":2},"end":{"line":6,"column":5}},"2":{"start":{"line":9,"column":23},"end":{"line":14,"column":1}},"3":{"start":{"line":10,"column":2},"end":{"line":13,"column":5}}},"fnMap":{"0":{"name":"(anonymous_0)","decl":{"start":{"line":1,"column":23},"end":{"line":1,"column":24}},"loc":{"start":{"line":1,"column":73},"end":{"line":7,"column":1}},"line":1},"1":{"name":"(anonymous_1)","decl":{"start":{"line":9,"column":23},"end":{"line":9,"column":24}},"loc":{"start":{"line":9,"column":65},"end":{"line":14,"column":1}},"line":9}},"branchMap":{"0":{"loc":{"start":{"line":1,"column":35},"end":{"line":1,"column":54}},"type":"default-arg","locations":[{"start":{"line":1,"column":45},"end":{"line":1,"column":54}}],"line":1},"1":{"loc":{"start":{"line":1,"column":56},"end":{"line":1,"column":68}},"type":"default-arg","locations":[{"start":{"line":1,"column":65},"end":{"line":1,"column":68}}],"line":1},"2":{"loc":{"start":{"line":9,"column":29},"end":{"line":9,"column":46}},"type":"default-arg","locations":[{"start":{"line":9,"column":39},"end":{"line":9,"column":46}}],"line":9},"3":{"loc":{"start":{"line":9,"column":48},"end":{"line":9,"column":60}},"type":"default-arg","locations":[{"start":{"line":9,"column":57},"end":{"line":9,"column":60}}],"line":9}},"s":{"0":8,"1":0,"2":8,"3":0},"f":{"0":0,"1":0},"b":{"0":[0],"1":[0],"2":[0],"3":[0]},"_coverageSchema":"1a1c01bbd47fc00a2c39e90264f33305004495a9","hash":"1ed70dbb0b3be40b1f794fff14440f86f88eb36b"}
}
