{"/workspaces/garka/backend/models/CommissionConfig.js": {"path":"/workspaces/garka/backend/models/CommissionConfig.js","statementMap":{"0":{"start":{"line":3,"column":31},"end":{"line":60,"column":2}},"1":{"start":{"line":63,"column":0},"end":{"line":65,"column":2}},"2":{"start":{"line":64,"column":2},"end":{"line":64,"column":76}},"3":{"start":{"line":68,"column":0},"end":{"line":82,"column":2}},"4":{"start":{"line":69,"column":22},"end":{"line":69,"column":67}},"5":{"start":{"line":70,"column":19},"end":{"line":70,"column":61}},"6":{"start":{"line":71,"column":19},"end":{"line":71,"column":61}},"7":{"start":{"line":72,"column":27},"end":{"line":72,"column":77}},"8":{"start":{"line":74,"column":2},"end":{"line":81,"column":4}}},"fnMap":{"0":{"name":"(anonymous_0)","decl":{"start":{"line":63,"column":49},"end":{"line":63,"column":50}},"loc":{"start":{"line":63,"column":66},"end":{"line":65,"column":1}},"line":63},"1":{"name":"(anonymous_1)","decl":{"start":{"line":68,"column":54},"end":{"line":68,"column":55}},"loc":{"start":{"line":68,"column":76},"end":{"line":82,"column":1}},"line":68}},"branchMap":{},"s":{"0":1,"1":1,"2":0,"3":1,"4":0,"5":0,"6":0,"7":0,"8":0},"f":{"0":0,"1":0},"b":{},"_coverageSchema":"1a1c01bbd47fc00a2c39e90264f33305004495a9","hash":"1324ae92e7c9dfe9510790e6aecf2fcedb321c95"}
,"/workspaces/garka/backend/models/Transaction.js": {"path":"/workspaces/garka/backend/models/Transaction.js","statementMap":{"0":{"start":{"line":3,"column":26},"end":{"line":16,"column":1}}},"fnMap":{},"branchMap":{},"s":{"0":1},"f":{},"b":{},"_coverageSchema":"1a1c01bbd47fc00a2c39e90264f33305004495a9","hash":"8f97d68e973692843542a7a62c22450297b3ab0d"}
,"/workspaces/garka/backend/models/VerificationRequest.js": {"path":"/workspaces/garka/backend/models/VerificationRequest.js","statementMap":{"0":{"start":{"line":3,"column":34},"end":{"line":75,"column":1}}},"fnMap":{},"branchMap":{},"s":{"0":1},"f":{},"b":{},"_coverageSchema":"1a1c01bbd47fc00a2c39e90264f33305004495a9","hash":"01bc4d127d2f12260eb777852b9ee5d8912d1b0a"}
,"/workspaces/garka/backend/services/commission.js": {"path":"/workspaces/garka/backend/services/commission.js","statementMap":{"0":{"start":{"line":5,"column":35},"end":{"line":41,"column":1}},"1":{"start":{"line":6,"column":2},"end":{"line":40,"column":3}},"2":{"start":{"line":7,"column":19},"end":{"line":7,"column":59}},"3":{"start":{"line":9,"column":4},"end":{"line":11,"column":5}},"4":{"start":{"line":10,"column":6},"end":{"line":10,"column":66}},"5":{"start":{"line":13,"column":24},"end":{"line":13,"column":59}},"6":{"start":{"line":15,"column":4},"end":{"line":36,"column":6}},"7":{"start":{"line":38,"column":4},"end":{"line":38,"column":65}},"8":{"start":{"line":39,"column":4},"end":{"line":39,"column":16}},"9":{"start":{"line":43,"column":36},"end":{"line":114,"column":1}},"10":{"start":{"line":44,"column":2},"end":{"line":113,"column":3}},"11":{"start":{"line":45,"column":23},"end":{"line":45,"column":85}},"12":{"start":{"line":48,"column":25},"end":{"line":48,"column":27}},"13":{"start":{"line":51,"column":4},"end":{"line":61,"column":6}},"14":{"start":{"line":64,"column":4},"end":{"line":74,"column":6}},"15":{"start":{"line":77,"column":4},"end":{"line":88,"column":6}},"16":{"start":{"line":91,"column":4},"end":{"line":102,"column":6}},"17":{"start":{"line":104,"column":23},"end":{"line":104,"column":54}},"18":{"start":{"line":106,"column":4},"end":{"line":109,"column":6}},"19":{"start":{"line":108,"column":40},"end":{"line":108,"column":45}},"20":{"start":{"line":111,"column":4},"end":{"line":111,"column":66}},"21":{"start":{"line":112,"column":4},"end":{"line":112,"column":16}},"22":{"start":{"line":116,"column":41},"end":{"line":123,"column":1}},"23":{"start":{"line":117,"column":2},"end":{"line":122,"column":4}},"24":{"start":{"line":125,"column":29},"end":{"line":148,"column":1}},"25":{"start":{"line":126,"column":2},"end":{"line":147,"column":3}},"26":{"start":{"line":127,"column":24},"end":{"line":127,"column":65}},"27":{"start":{"line":129,"column":4},"end":{"line":131,"column":5}},"28":{"start":{"line":130,"column":6},"end":{"line":130,"column":47}},"29":{"start":{"line":134,"column":4},"end":{"line":134,"column":37}},"30":{"start":{"line":135,"column":4},"end":{"line":135,"column":41}},"31":{"start":{"line":136,"column":4},"end":{"line":136,"column":36}},"32":{"start":{"line":137,"column":4},"end":{"line":137,"column":59}},"33":{"start":{"line":139,"column":4},"end":{"line":139,"column":29}},"34":{"start":{"line":141,"column":4},"end":{"line":141,"column":85}},"35":{"start":{"line":143,"column":4},"end":{"line":143,"column":23}},"36":{"start":{"line":145,"column":4},"end":{"line":145,"column":59}},"37":{"start":{"line":146,"column":4},"end":{"line":146,"column":16}}},"fnMap":{"0":{"name":"(anonymous_0)","decl":{"start":{"line":5,"column":35},"end":{"line":5,"column":36}},"loc":{"start":{"line":5,"column":76},"end":{"line":41,"column":1}},"line":5},"1":{"name":"(anonymous_1)","decl":{"start":{"line":43,"column":36},"end":{"line":43,"column":37}},"loc":{"start":{"line":43,"column":67},"end":{"line":114,"column":1}},"line":43},"2":{"name":"(anonymous_2)","decl":{"start":{"line":108,"column":35},"end":{"line":108,"column":36}},"loc":{"start":{"line":108,"column":40},"end":{"line":108,"column":45}},"line":108},"3":{"name":"(anonymous_3)","decl":{"start":{"line":116,"column":41},"end":{"line":116,"column":42}},"loc":{"start":{"line":116,"column":53},"end":{"line":123,"column":1}},"line":116},"4":{"name":"(anonymous_4)","decl":{"start":{"line":125,"column":29},"end":{"line":125,"column":30}},"loc":{"start":{"line":125,"column":75},"end":{"line":148,"column":1}},"line":125}},"branchMap":{"0":{"loc":{"start":{"line":5,"column":50},"end":{"line":5,"column":71}},"type":"default-arg","locations":[{"start":{"line":5,"column":57},"end":{"line":5,"column":71}}],"line":5},"1":{"loc":{"start":{"line":9,"column":4},"end":{"line":11,"column":5}},"type":"if","locations":[{"start":{"line":9,"column":4},"end":{"line":11,"column":5}},{"start":{},"end":{}}],"line":9},"2":{"loc":{"start":{"line":125,"column":51},"end":{"line":125,"column":70}},"type":"default-arg","locations":[{"start":{"line":125,"column":62},"end":{"line":125,"column":70}}],"line":125},"3":{"loc":{"start":{"line":129,"column":4},"end":{"line":131,"column":5}},"type":"if","locations":[{"start":{"line":129,"column":4},"end":{"line":131,"column":5}},{"start":{},"end":{}}],"line":129}},"s":{"0":1,"1":0,"2":0,"3":0,"4":0,"5":0,"6":0,"7":0,"8":0,"9":1,"10":0,"11":0,"12":0,"13":0,"14":0,"15":0,"16":0,"17":0,"18":0,"19":0,"20":0,"21":0,"22":1,"23":0,"24":1,"25":0,"26":0,"27":0,"28":0,"29":0,"30":0,"31":0,"32":0,"33":0,"34":0,"35":0,"36":0,"37":0},"f":{"0":0,"1":0,"2":0,"3":0,"4":0},"b":{"0":[0],"1":[0,0],"2":[0],"3":[0,0]},"_coverageSchema":"1a1c01bbd47fc00a2c39e90264f33305004495a9","hash":"f62a044aaa89bf5dfea37455329531e917ac1211"}
,"/workspaces/garka/backend/utils/logger.js": {"path":"/workspaces/garka/backend/utils/logger.js","statementMap":{"0":{"start":{"line":1,"column":22},"end":{"line":5,"column":1}},"1":{"start":{"line":2,"column":17},"end":{"line":2,"column":75}},"2":{"start":{"line":3,"column":17},"end":{"line":3,"column":76}},"3":{"start":{"line":4,"column":18},"end":{"line":4,"column":79}}},"fnMap":{"0":{"name":"(anonymous_0)","decl":{"start":{"line":2,"column":8},"end":{"line":2,"column":9}},"loc":{"start":{"line":2,"column":17},"end":{"line":2,"column":75}},"line":2},"1":{"name":"(anonymous_1)","decl":{"start":{"line":3,"column":8},"end":{"line":3,"column":9}},"loc":{"start":{"line":3,"column":17},"end":{"line":3,"column":76}},"line":3},"2":{"name":"(anonymous_2)","decl":{"start":{"line":4,"column":9},"end":{"line":4,"column":10}},"loc":{"start":{"line":4,"column":18},"end":{"line":4,"column":79}},"line":4}},"branchMap":{},"s":{"0":1,"1":0,"2":0,"3":0},"f":{"0":0,"1":0,"2":0},"b":{},"_coverageSchema":"1a1c01bbd47fc00a2c39e90264f33305004495a9","hash":"8dfc4889ea3b651debf8c567091cd33aba54a566"}
}
