TN:
SF:models/CommissionConfig.js
FN:63,(anonymous_0)
FN:68,(anonymous_1)
FNF:2
FNH:0
FNDA:0,(anonymous_0)
FNDA:0,(anonymous_1)
DA:3,1
DA:63,1
DA:64,0
DA:68,1
DA:69,0
DA:70,0
DA:71,0
DA:72,0
DA:74,0
LF:9
LH:3
BRF:0
BRH:0
end_of_record
TN:
SF:models/Transaction.js
FNF:0
FNH:0
DA:3,1
LF:1
LH:1
BRF:0
BRH:0
end_of_record
TN:
SF:models/VerificationRequest.js
FNF:0
FNH:0
DA:3,1
LF:1
LH:1
BRF:0
BRH:0
end_of_record
TN:
SF:services/commission.js
FN:5,(anonymous_0)
FN:43,(anonymous_1)
FN:108,(anonymous_2)
FN:116,(anonymous_3)
FN:125,(anonymous_4)
FNF:5
FNH:0
FNDA:0,(anonymous_0)
FNDA:0,(anonymous_1)
FNDA:0,(anonymous_2)
FNDA:0,(anonymous_3)
FNDA:0,(anonymous_4)
DA:5,1
DA:6,0
DA:7,0
DA:9,0
DA:10,0
DA:13,0
DA:15,0
DA:38,0
DA:39,0
DA:43,1
DA:44,0
DA:45,0
DA:48,0
DA:51,0
DA:64,0
DA:77,0
DA:91,0
DA:104,0
DA:106,0
DA:108,0
DA:111,0
DA:112,0
DA:116,1
DA:117,0
DA:125,1
DA:126,0
DA:127,0
DA:129,0
DA:130,0
DA:134,0
DA:135,0
DA:136,0
DA:137,0
DA:139,0
DA:141,0
DA:143,0
DA:145,0
DA:146,0
LF:38
LH:4
BRDA:5,0,0,0
BRDA:9,1,0,0
BRDA:9,1,1,0
BRDA:125,2,0,0
BRDA:129,3,0,0
BRDA:129,3,1,0
BRF:6
BRH:0
end_of_record
TN:
SF:utils/logger.js
FN:2,(anonymous_0)
FN:3,(anonymous_1)
FN:4,(anonymous_2)
FNF:3
FNH:0
FNDA:0,(anonymous_0)
FNDA:0,(anonymous_1)
FNDA:0,(anonymous_2)
DA:1,1
DA:2,0
DA:3,0
DA:4,0
LF:4
LH:1
BRF:0
BRH:0
end_of_record
